[debug] [2024-03-13T12:51:11.191Z] ----------------------------------------------------------------------
[debug] [2024-03-13T12:51:11.193Z] Command:       C:\Program Files\nodejs\node.exe C:\Users\nitro\Documents\Workshop\Coding\Nextjs\expertskit\node_modules\firebase-tools\lib\bin\firebase.js deploy --only functions
[debug] [2024-03-13T12:51:11.194Z] CLI Version:   13.4.1
[debug] [2024-03-13T12:51:11.194Z] Platform:      win32
[debug] [2024-03-13T12:51:11.194Z] Node Version:  v18.19.1
[debug] [2024-03-13T12:51:11.196Z] Time:          Wed Mar 13 2024 13:51:11 GMT+0100 (Central European Standard Time)
[debug] [2024-03-13T12:51:11.196Z] ----------------------------------------------------------------------
[debug] 
[debug] [2024-03-13T12:51:11.254Z] > command requires scopes: ["email","openid","https://www.googleapis.com/auth/cloudplatformprojects.readonly","https://www.googleapis.com/auth/firebase","https://www.googleapis.com/auth/cloud-platform"]
[debug] [2024-03-13T12:51:11.254Z] > authorizing via signed-in user (billel.bahani@gmail.com)
[debug] [2024-03-13T12:51:11.254Z] [iam] checking project expertkitauth for permissions ["cloudfunctions.functions.create","cloudfunctions.functions.delete","cloudfunctions.functions.get","cloudfunctions.functions.list","cloudfunctions.functions.update","cloudfunctions.operations.get","firebase.projects.get"]
[debug] [2024-03-13T12:51:11.256Z] >>> [apiv2][query] POST https://cloudresourcemanager.googleapis.com/v1/projects/expertkitauth:testIamPermissions [none]
[debug] [2024-03-13T12:51:11.256Z] >>> [apiv2][(partial)header] POST https://cloudresourcemanager.googleapis.com/v1/projects/expertkitauth:testIamPermissions x-goog-quota-user=projects/expertkitauth
[debug] [2024-03-13T12:51:11.256Z] >>> [apiv2][body] POST https://cloudresourcemanager.googleapis.com/v1/projects/expertkitauth:testIamPermissions {"permissions":["cloudfunctions.functions.create","cloudfunctions.functions.delete","cloudfunctions.functions.get","cloudfunctions.functions.list","cloudfunctions.functions.update","cloudfunctions.operations.get","firebase.projects.get"]}
[debug] [2024-03-13T12:51:12.066Z] <<< [apiv2][status] POST https://cloudresourcemanager.googleapis.com/v1/projects/expertkitauth:testIamPermissions 200
[debug] [2024-03-13T12:51:12.067Z] <<< [apiv2][body] POST https://cloudresourcemanager.googleapis.com/v1/projects/expertkitauth:testIamPermissions {"permissions":["cloudfunctions.functions.create","cloudfunctions.functions.delete","cloudfunctions.functions.get","cloudfunctions.functions.list","cloudfunctions.functions.update","cloudfunctions.operations.get","firebase.projects.get"]}
[debug] [2024-03-13T12:51:12.068Z] >>> [apiv2][query] POST https://iam.googleapis.com/v1/projects/expertkitauth/serviceAccounts/expertkitauth@appspot.gserviceaccount.com:testIamPermissions [none]
[debug] [2024-03-13T12:51:12.068Z] >>> [apiv2][body] POST https://iam.googleapis.com/v1/projects/expertkitauth/serviceAccounts/expertkitauth@appspot.gserviceaccount.com:testIamPermissions {"permissions":["iam.serviceAccounts.actAs"]}
[debug] [2024-03-13T12:51:12.866Z] <<< [apiv2][status] POST https://iam.googleapis.com/v1/projects/expertkitauth/serviceAccounts/expertkitauth@appspot.gserviceaccount.com:testIamPermissions 200
[debug] [2024-03-13T12:51:12.866Z] <<< [apiv2][body] POST https://iam.googleapis.com/v1/projects/expertkitauth/serviceAccounts/expertkitauth@appspot.gserviceaccount.com:testIamPermissions {"permissions":["iam.serviceAccounts.actAs"]}
[info] 
[info] === Deploying to 'expertkitauth'...
[info] 
[info] i  deploying functions 
[info] Running command: npm --prefix "$RESOURCE_DIR" run lint
[info] +  functions: Finished running predeploy script. 
[debug] [2024-03-13T12:51:16.003Z] >>> [apiv2][query] GET https://firebase.googleapis.com/v1beta1/projects/expertkitauth [none]
[debug] [2024-03-13T12:51:16.358Z] <<< [apiv2][status] GET https://firebase.googleapis.com/v1beta1/projects/expertkitauth 200
[debug] [2024-03-13T12:51:16.358Z] <<< [apiv2][body] GET https://firebase.googleapis.com/v1beta1/projects/expertkitauth {"projectId":"expertkitauth","projectNumber":"627496731356","displayName":"expertkitAuth","name":"projects/expertkitauth","resources":{"hostingSite":"expertkitauth"},"state":"ACTIVE","etag":"1_b07c2c3b-d949-4b3a-8786-1f50758a8b78"}
[info] i  functions: preparing codebase default for deployment 
[info] i  functions: ensuring required API cloudfunctions.googleapis.com is enabled... 
[info] i  functions: ensuring required API cloudbuild.googleapis.com is enabled... 
[info] i  artifactregistry: ensuring required API artifactregistry.googleapis.com is enabled... 
[debug] [2024-03-13T12:51:16.367Z] >>> [apiv2][query] GET https://serviceusage.googleapis.com/v1/projects/expertkitauth/services/cloudfunctions.googleapis.com [none]
[debug] [2024-03-13T12:51:16.367Z] >>> [apiv2][(partial)header] GET https://serviceusage.googleapis.com/v1/projects/expertkitauth/services/cloudfunctions.googleapis.com x-goog-quota-user=projects/expertkitauth
[debug] [2024-03-13T12:51:16.370Z] >>> [apiv2][query] GET https://serviceusage.googleapis.com/v1/projects/expertkitauth/services/runtimeconfig.googleapis.com [none]
[debug] [2024-03-13T12:51:16.370Z] >>> [apiv2][(partial)header] GET https://serviceusage.googleapis.com/v1/projects/expertkitauth/services/runtimeconfig.googleapis.com x-goog-quota-user=projects/expertkitauth
[debug] [2024-03-13T12:51:16.373Z] >>> [apiv2][query] GET https://serviceusage.googleapis.com/v1/projects/expertkitauth/services/cloudbuild.googleapis.com [none]
[debug] [2024-03-13T12:51:16.373Z] >>> [apiv2][(partial)header] GET https://serviceusage.googleapis.com/v1/projects/expertkitauth/services/cloudbuild.googleapis.com x-goog-quota-user=projects/expertkitauth
[debug] [2024-03-13T12:51:16.376Z] >>> [apiv2][query] GET https://serviceusage.googleapis.com/v1/projects/expertkitauth/services/artifactregistry.googleapis.com [none]
[debug] [2024-03-13T12:51:16.376Z] >>> [apiv2][(partial)header] GET https://serviceusage.googleapis.com/v1/projects/expertkitauth/services/artifactregistry.googleapis.com x-goog-quota-user=projects/expertkitauth
[debug] [2024-03-13T12:51:17.329Z] <<< [apiv2][status] GET https://serviceusage.googleapis.com/v1/projects/expertkitauth/services/runtimeconfig.googleapis.com 200
[debug] [2024-03-13T12:51:17.329Z] <<< [apiv2][body] GET https://serviceusage.googleapis.com/v1/projects/expertkitauth/services/runtimeconfig.googleapis.com [omitted]
[debug] [2024-03-13T12:51:17.335Z] <<< [apiv2][status] GET https://serviceusage.googleapis.com/v1/projects/expertkitauth/services/cloudbuild.googleapis.com 200
[debug] [2024-03-13T12:51:17.336Z] <<< [apiv2][body] GET https://serviceusage.googleapis.com/v1/projects/expertkitauth/services/cloudbuild.googleapis.com [omitted]
[info] +  functions: required API cloudbuild.googleapis.com is enabled 
[debug] [2024-03-13T12:51:17.363Z] <<< [apiv2][status] GET https://serviceusage.googleapis.com/v1/projects/expertkitauth/services/artifactregistry.googleapis.com 200
[debug] [2024-03-13T12:51:17.363Z] <<< [apiv2][body] GET https://serviceusage.googleapis.com/v1/projects/expertkitauth/services/artifactregistry.googleapis.com [omitted]
[info] +  artifactregistry: required API artifactregistry.googleapis.com is enabled 
[debug] [2024-03-13T12:51:17.369Z] <<< [apiv2][status] GET https://serviceusage.googleapis.com/v1/projects/expertkitauth/services/cloudfunctions.googleapis.com 200
[debug] [2024-03-13T12:51:17.370Z] <<< [apiv2][body] GET https://serviceusage.googleapis.com/v1/projects/expertkitauth/services/cloudfunctions.googleapis.com [omitted]
[info] +  functions: required API cloudfunctions.googleapis.com is enabled 
[debug] [2024-03-13T12:51:17.371Z] >>> [apiv2][query] GET https://firebase.googleapis.com/v1beta1/projects/expertkitauth/adminSdkConfig [none]
[debug] [2024-03-13T12:51:17.717Z] <<< [apiv2][status] GET https://firebase.googleapis.com/v1beta1/projects/expertkitauth/adminSdkConfig 200
[debug] [2024-03-13T12:51:17.718Z] <<< [apiv2][body] GET https://firebase.googleapis.com/v1beta1/projects/expertkitauth/adminSdkConfig {"projectId":"expertkitauth","storageBucket":"expertkitauth.appspot.com"}
[debug] [2024-03-13T12:51:17.719Z] >>> [apiv2][query] GET https://runtimeconfig.googleapis.com/v1beta1/projects/expertkitauth/configs [none]
[debug] [2024-03-13T12:51:18.058Z] <<< [apiv2][status] GET https://runtimeconfig.googleapis.com/v1beta1/projects/expertkitauth/configs 200
[debug] [2024-03-13T12:51:18.058Z] <<< [apiv2][body] GET https://runtimeconfig.googleapis.com/v1beta1/projects/expertkitauth/configs {}
[debug] [2024-03-13T12:51:18.062Z] Validating nodejs source
[debug] [2024-03-13T12:51:19.418Z] > [functions] package.json contents: {
  "name": "functions",
  "type": "module",
  "description": "Cloud Functions for Firebase",
  "scripts": {
    "lint": "eslint .",
    "serve": "firebase emulators:start --only functions",
    "shell": "firebase functions:shell",
    "start": "npm run shell",
    "deploy": "firebase deploy --only functions",
    "logs": "firebase functions:log"
  },
  "engines": {
    "node": "18"
  },
  "main": "index.js",
  "dependencies": {
    "firebase-admin": "^11.8.0",
    "firebase-functions": "^4.3.1"
  },
  "devDependencies": {
    "eslint": "^8.15.0",
    "eslint-config-google": "^0.14.0",
    "firebase-functions-test": "^3.1.0"
  },
  "private": true
}
[debug] [2024-03-13T12:51:19.419Z] Building nodejs source
[info] i  functions: Loading and analyzing source code for codebase default to determine what to deploy 
[debug] [2024-03-13T12:51:19.421Z] Could not find functions.yaml. Must use http discovery
[debug] [2024-03-13T12:51:19.429Z] Found firebase-functions binary at 'C:\Users\nitro\Documents\Workshop\Coding\Nextjs\expertskit\functions\node_modules\.bin\firebase-functions'
[info] Serving at port 8373

[debug] [2024-03-13T12:51:19.896Z] Got response from /__/functions.yaml {"endpoints":{"processHotmartPurchase":{"availableMemoryMb":null,"timeoutSeconds":null,"minInstances":null,"maxInstances":null,"ingressSettings":null,"concurrency":null,"serviceAccountEmail":null,"vpc":null,"platform":"gcfv2","labels":{},"httpsTrigger":{},"entryPoint":"processHotmartPurchase"}},"specVersion":"v1alpha1","requiredAPIs":[]}
[info] i  functions: preparing functions directory for uploading... 
[info] i  functions: packaged C:\Users\nitro\Documents\Workshop\Coding\Nextjs\expertskit\functions (44.96 KB) for uploading 
[debug] [2024-03-13T12:51:19.976Z] >>> [apiv2][query] GET https://cloudfunctions.googleapis.com/v1/projects/expertkitauth/locations/-/functions [none]
[debug] [2024-03-13T12:51:20.513Z] <<< [apiv2][status] GET https://cloudfunctions.googleapis.com/v1/projects/expertkitauth/locations/-/functions 200
[debug] [2024-03-13T12:51:20.514Z] <<< [apiv2][body] GET https://cloudfunctions.googleapis.com/v1/projects/expertkitauth/locations/-/functions {}
[debug] [2024-03-13T12:51:20.515Z] >>> [apiv2][query] GET https://cloudfunctions.googleapis.com/v2/projects/expertkitauth/locations/-/functions filter=environment%3D%22GEN_2%22
[debug] [2024-03-13T12:51:21.596Z] <<< [apiv2][status] GET https://cloudfunctions.googleapis.com/v2/projects/expertkitauth/locations/-/functions 200
[debug] [2024-03-13T12:51:21.596Z] <<< [apiv2][body] GET https://cloudfunctions.googleapis.com/v2/projects/expertkitauth/locations/-/functions {}
[info] i  functions: ensuring required API run.googleapis.com is enabled... 
[info] i  functions: ensuring required API eventarc.googleapis.com is enabled... 
[info] i  functions: ensuring required API pubsub.googleapis.com is enabled... 
[info] i  functions: ensuring required API storage.googleapis.com is enabled... 
[debug] [2024-03-13T12:51:21.606Z] >>> [apiv2][query] GET https://serviceusage.googleapis.com/v1/projects/expertkitauth/services/run.googleapis.com [none]
[debug] [2024-03-13T12:51:21.606Z] >>> [apiv2][(partial)header] GET https://serviceusage.googleapis.com/v1/projects/expertkitauth/services/run.googleapis.com x-goog-quota-user=projects/expertkitauth
[debug] [2024-03-13T12:51:21.611Z] >>> [apiv2][query] GET https://serviceusage.googleapis.com/v1/projects/expertkitauth/services/eventarc.googleapis.com [none]
[debug] [2024-03-13T12:51:21.611Z] >>> [apiv2][(partial)header] GET https://serviceusage.googleapis.com/v1/projects/expertkitauth/services/eventarc.googleapis.com x-goog-quota-user=projects/expertkitauth
[debug] [2024-03-13T12:51:21.615Z] >>> [apiv2][query] GET https://serviceusage.googleapis.com/v1/projects/expertkitauth/services/pubsub.googleapis.com [none]
[debug] [2024-03-13T12:51:21.615Z] >>> [apiv2][(partial)header] GET https://serviceusage.googleapis.com/v1/projects/expertkitauth/services/pubsub.googleapis.com x-goog-quota-user=projects/expertkitauth
[debug] [2024-03-13T12:51:21.618Z] >>> [apiv2][query] GET https://serviceusage.googleapis.com/v1/projects/expertkitauth/services/storage.googleapis.com [none]
[debug] [2024-03-13T12:51:21.619Z] >>> [apiv2][(partial)header] GET https://serviceusage.googleapis.com/v1/projects/expertkitauth/services/storage.googleapis.com x-goog-quota-user=projects/expertkitauth
[debug] [2024-03-13T12:51:22.581Z] <<< [apiv2][status] GET https://serviceusage.googleapis.com/v1/projects/expertkitauth/services/eventarc.googleapis.com 200
[debug] [2024-03-13T12:51:22.581Z] <<< [apiv2][body] GET https://serviceusage.googleapis.com/v1/projects/expertkitauth/services/eventarc.googleapis.com [omitted]
[info] +  functions: required API eventarc.googleapis.com is enabled 
[debug] [2024-03-13T12:51:22.619Z] <<< [apiv2][status] GET https://serviceusage.googleapis.com/v1/projects/expertkitauth/services/storage.googleapis.com 200
[debug] [2024-03-13T12:51:22.619Z] <<< [apiv2][body] GET https://serviceusage.googleapis.com/v1/projects/expertkitauth/services/storage.googleapis.com [omitted]
[info] +  functions: required API storage.googleapis.com is enabled 
[debug] [2024-03-13T12:51:22.622Z] <<< [apiv2][status] GET https://serviceusage.googleapis.com/v1/projects/expertkitauth/services/run.googleapis.com 200
[debug] [2024-03-13T12:51:22.622Z] <<< [apiv2][body] GET https://serviceusage.googleapis.com/v1/projects/expertkitauth/services/run.googleapis.com [omitted]
[info] +  functions: required API run.googleapis.com is enabled 
[debug] [2024-03-13T12:51:22.625Z] <<< [apiv2][status] GET https://serviceusage.googleapis.com/v1/projects/expertkitauth/services/pubsub.googleapis.com 200
[debug] [2024-03-13T12:51:22.625Z] <<< [apiv2][body] GET https://serviceusage.googleapis.com/v1/projects/expertkitauth/services/pubsub.googleapis.com [omitted]
[info] +  functions: required API pubsub.googleapis.com is enabled 
[info] i  functions: generating the service identity for pubsub.googleapis.com... 
[info] i  functions: generating the service identity for eventarc.googleapis.com... 
[debug] [2024-03-13T12:51:22.631Z] >>> [apiv2][query] POST https://serviceusage.googleapis.com/v1beta1/projects/627496731356/services/pubsub.googleapis.com:generateServiceIdentity [none]
[debug] [2024-03-13T12:51:22.635Z] >>> [apiv2][query] POST https://serviceusage.googleapis.com/v1beta1/projects/627496731356/services/eventarc.googleapis.com:generateServiceIdentity [none]
[debug] [2024-03-13T12:51:23.701Z] <<< [apiv2][status] POST https://serviceusage.googleapis.com/v1beta1/projects/627496731356/services/eventarc.googleapis.com:generateServiceIdentity 200
[debug] [2024-03-13T12:51:23.701Z] <<< [apiv2][body] POST https://serviceusage.googleapis.com/v1beta1/projects/627496731356/services/eventarc.googleapis.com:generateServiceIdentity {"name":"operations/finished.DONE_OPERATION","done":true,"response":{"@type":"type.googleapis.com/google.api.serviceusage.v1beta1.ServiceIdentity","email":"service-627496731356@gcp-sa-eventarc.iam.gserviceaccount.com","uniqueId":"108444076797223840261"}}
[debug] [2024-03-13T12:51:23.707Z] <<< [apiv2][status] POST https://serviceusage.googleapis.com/v1beta1/projects/627496731356/services/pubsub.googleapis.com:generateServiceIdentity 200
[debug] [2024-03-13T12:51:23.707Z] <<< [apiv2][body] POST https://serviceusage.googleapis.com/v1beta1/projects/627496731356/services/pubsub.googleapis.com:generateServiceIdentity {"name":"operations/finished.DONE_OPERATION","done":true,"response":{"@type":"type.googleapis.com/google.api.serviceusage.v1beta1.ServiceIdentity","email":"service-627496731356@gcp-sa-pubsub.iam.gserviceaccount.com","uniqueId":"101536480154348607699"}}
[debug] [2024-03-13T12:51:23.711Z] >>> [apiv2][query] GET https://firebase.googleapis.com/v1beta1/projects/expertkitauth [none]
[debug] [2024-03-13T12:51:24.024Z] <<< [apiv2][status] GET https://firebase.googleapis.com/v1beta1/projects/expertkitauth 200
[debug] [2024-03-13T12:51:24.025Z] <<< [apiv2][body] GET https://firebase.googleapis.com/v1beta1/projects/expertkitauth {"projectId":"expertkitauth","projectNumber":"627496731356","displayName":"expertkitAuth","name":"projects/expertkitauth","resources":{"hostingSite":"expertkitauth"},"state":"ACTIVE","etag":"1_b07c2c3b-d949-4b3a-8786-1f50758a8b78"}
[debug] [2024-03-13T12:51:24.027Z] [functions] found 1 new HTTP functions, testing setIamPolicy permission...
[debug] [2024-03-13T12:51:24.027Z] >>> [apiv2][query] POST https://cloudresourcemanager.googleapis.com/v1/projects/expertkitauth:testIamPermissions [none]
[debug] [2024-03-13T12:51:24.028Z] >>> [apiv2][(partial)header] POST https://cloudresourcemanager.googleapis.com/v1/projects/expertkitauth:testIamPermissions x-goog-quota-user=projects/expertkitauth
[debug] [2024-03-13T12:51:24.028Z] >>> [apiv2][body] POST https://cloudresourcemanager.googleapis.com/v1/projects/expertkitauth:testIamPermissions {"permissions":["cloudfunctions.functions.setIamPolicy"]}
[debug] [2024-03-13T12:51:24.773Z] <<< [apiv2][status] POST https://cloudresourcemanager.googleapis.com/v1/projects/expertkitauth:testIamPermissions 200
[debug] [2024-03-13T12:51:24.773Z] <<< [apiv2][body] POST https://cloudresourcemanager.googleapis.com/v1/projects/expertkitauth:testIamPermissions {"permissions":["cloudfunctions.functions.setIamPolicy"]}
[debug] [2024-03-13T12:51:24.774Z] [functions] found setIamPolicy permission, proceeding with deploy
[debug] [2024-03-13T12:51:24.775Z] >>> [apiv2][query] POST https://cloudfunctions.googleapis.com/v2/projects/expertkitauth/locations/us-central1/functions:generateUploadUrl [none]
[debug] [2024-03-13T12:51:25.622Z] <<< [apiv2][status] POST https://cloudfunctions.googleapis.com/v2/projects/expertkitauth/locations/us-central1/functions:generateUploadUrl 200
[debug] [2024-03-13T12:51:25.622Z] <<< [apiv2][body] POST https://cloudfunctions.googleapis.com/v2/projects/expertkitauth/locations/us-central1/functions:generateUploadUrl {"uploadUrl":"https://storage.googleapis.com/gcf-v2-uploads-627496731356-us-central1/1400f3cd-c175-473c-a826-10a604cd245a.zip?GoogleAccessId=service-627496731356@gcf-admin-robot.iam.gserviceaccount.com&Expires=1710336085&Signature=qGFjpa6DS6kJu8R0gAxMXdPNL0lwiO22NTw1oL4wML41Uz3Yo71dSvW6%2B6ZFeJEHb1hygtPWX8X6lCsNbLsbGBeXjwZ8e5%2B6b7mJ%2FHyOhQzG0sUJLGP1Y%2BNvx9QLTGq0GoAAx7FrHgxZgeYxBg5bqphD3e%2FNeHkKTSwpQ93G4DhNjMDLMUIENvy4%2FToTk61gi2LY3COX52M9kLHL5J6NIi7r0DM71Wc0vTnoS0P7rkaXuJq8BO6kDEJzPuKZRbVo26rLGwadyACqq%2F6xBI6e0ncSwPx3zqmBdz1R0Jsq7IqQSh6dNsAodBO5tonUhSE1ATPjr9xu93TDab%2BXf9f0iA%3D%3D","storageSource":{"bucket":"gcf-v2-uploads-627496731356-us-central1","object":"1400f3cd-c175-473c-a826-10a604cd245a.zip"}}
[debug] [2024-03-13T12:51:25.625Z] >>> [apiv2][query] PUT https://storage.googleapis.com/gcf-v2-uploads-627496731356-us-central1/1400f3cd-c175-473c-a826-10a604cd245a.zip GoogleAccessId=service-627496731356%40gcf-admin-robot.iam.gserviceaccount.com&Expires=1710336085&Signature=qGFjpa6DS6kJu8R0gAxMXdPNL0lwiO22NTw1oL4wML41Uz3Yo71dSvW6%2B6ZFeJEHb1hygtPWX8X6lCsNbLsbGBeXjwZ8e5%2B6b7mJ%2FHyOhQzG0sUJLGP1Y%2BNvx9QLTGq0GoAAx7FrHgxZgeYxBg5bqphD3e%2FNeHkKTSwpQ93G4DhNjMDLMUIENvy4%2FToTk61gi2LY3COX52M9kLHL5J6NIi7r0DM71Wc0vTnoS0P7rkaXuJq8BO6kDEJzPuKZRbVo26rLGwadyACqq%2F6xBI6e0ncSwPx3zqmBdz1R0Jsq7IqQSh6dNsAodBO5tonUhSE1ATPjr9xu93TDab%2BXf9f0iA%3D%3D
[debug] [2024-03-13T12:51:25.625Z] >>> [apiv2][body] PUT https://storage.googleapis.com/gcf-v2-uploads-627496731356-us-central1/1400f3cd-c175-473c-a826-10a604cd245a.zip [stream]
[debug] [2024-03-13T12:51:26.148Z] <<< [apiv2][status] PUT https://storage.googleapis.com/gcf-v2-uploads-627496731356-us-central1/1400f3cd-c175-473c-a826-10a604cd245a.zip 200
[debug] [2024-03-13T12:51:26.149Z] <<< [apiv2][body] PUT https://storage.googleapis.com/gcf-v2-uploads-627496731356-us-central1/1400f3cd-c175-473c-a826-10a604cd245a.zip [omitted]
[info] +  functions: functions folder uploaded successfully 
[info] i  functions: creating Node.js 18 (2nd Gen) function processHotmartPurchase(us-central1)... 
[debug] [2024-03-13T12:51:26.161Z] >>> [apiv2][query] POST https://cloudfunctions.googleapis.com/v2/projects/expertkitauth/locations/us-central1/functions functionId=processHotmartPurchase
[debug] [2024-03-13T12:51:26.161Z] >>> [apiv2][body] POST https://cloudfunctions.googleapis.com/v2/projects/expertkitauth/locations/us-central1/functions {"name":"projects/expertkitauth/locations/us-central1/functions/processHotmartPurchase","buildConfig":{"runtime":"nodejs18","entryPoint":"processHotmartPurchase","source":{"storageSource":{"bucket":"gcf-v2-uploads-627496731356-us-central1","object":"1400f3cd-c175-473c-a826-10a604cd245a.zip"}},"environmentVariables":{"GOOGLE_NODE_RUN_SCRIPTS":""}},"serviceConfig":{"environmentVariables":{"FIREBASE_CONFIG":"{\"projectId\":\"expertkitauth\",\"storageBucket\":\"expertkitauth.appspot.com\"}","GCLOUD_PROJECT":"expertkitauth","EVENTARC_CLOUD_EVENT_SOURCE":"projects/expertkitauth/locations/us-central1/services/processHotmartPurchase","FUNCTION_TARGET":"processHotmartPurchase"},"ingressSettings":null,"timeoutSeconds":null,"serviceAccountEmail":null,"availableMemory":"256Mi","minInstanceCount":null,"maxInstanceCount":null,"maxInstanceRequestConcurrency":80,"availableCpu":"1","vpcConnector":null,"vpcConnectorEgressSettings":null},"labels":{"deployment-tool":"cli-firebase","firebase-functions-hash":"72280a964f4e8c09da829e0720ffe28adebb7a94"}}
[debug] [2024-03-13T12:51:27.420Z] <<< [apiv2][status] POST https://cloudfunctions.googleapis.com/v2/projects/expertkitauth/locations/us-central1/functions 200
[debug] [2024-03-13T12:51:27.420Z] <<< [apiv2][body] POST https://cloudfunctions.googleapis.com/v2/projects/expertkitauth/locations/us-central1/functions {"name":"projects/expertkitauth/locations/us-central1/operations/operation-1710334287095-6138a3ba127ac-667b87f3-2d8c7bb5","metadata":{"@type":"type.googleapis.com/google.cloud.functions.v2.OperationMetadata","createTime":"2024-03-13T12:51:27.552715255Z","target":"projects/expertkitauth/locations/us-central1/functions/processHotmartPurchase","verb":"create","cancelRequested":false,"apiVersion":"v2"},"done":false}
[debug] [2024-03-13T12:51:27.422Z] >>> [apiv2][query] GET https://cloudfunctions.googleapis.com/v2/projects/expertkitauth/locations/us-central1/operations/operation-1710334287095-6138a3ba127ac-667b87f3-2d8c7bb5 [none]
[debug] [2024-03-13T12:51:28.204Z] <<< [apiv2][status] GET https://cloudfunctions.googleapis.com/v2/projects/expertkitauth/locations/us-central1/operations/operation-1710334287095-6138a3ba127ac-667b87f3-2d8c7bb5 200
[debug] [2024-03-13T12:51:28.204Z] <<< [apiv2][body] GET https://cloudfunctions.googleapis.com/v2/projects/expertkitauth/locations/us-central1/operations/operation-1710334287095-6138a3ba127ac-667b87f3-2d8c7bb5 {"name":"projects/expertkitauth/locations/us-central1/operations/operation-1710334287095-6138a3ba127ac-667b87f3-2d8c7bb5","metadata":{"@type":"type.googleapis.com/google.cloud.functions.v2.OperationMetadata","createTime":"2024-03-13T12:51:27.552715255Z","target":"projects/expertkitauth/locations/us-central1/functions/processHotmartPurchase","verb":"create","cancelRequested":false,"apiVersion":"v2","requestResource":{"@type":"type.googleapis.com/google.cloud.functions.v2.Function","name":"projects/expertkitauth/locations/us-central1/functions/processHotmartPurchase","buildConfig":{"runtime":"nodejs18","entryPoint":"processHotmartPurchase","source":{"storageSource":{"bucket":"gcf-v2-sources-627496731356-us-central1","object":"processHotmartPurchase/function-source.zip","generation":"1710334287265760"}},"environmentVariables":{"GOOGLE_NODE_RUN_SCRIPTS":""}},"serviceConfig":{"service":"projects/expertkitauth/locations/us-central1/services/processhotmartpurchase","timeoutSeconds":60,"environmentVariables":{"FIREBASE_CONFIG":"{\"projectId\":\"expertkitauth\",\"storageBucket\":\"expertkitauth.appspot.com\"}","GCLOUD_PROJECT":"expertkitauth","EVENTARC_CLOUD_EVENT_SOURCE":"projects/expertkitauth/locations/us-central1/services/processHotmartPurchase","FUNCTION_TARGET":"processHotmartPurchase"},"ingressSettings":"ALLOW_ALL","serviceAccountEmail":"627496731356-compute@developer.gserviceaccount.com","availableMemory":"256Mi","maxInstanceRequestConcurrency":80,"availableCpu":"1"},"labels":{"deployment-tool":"cli-firebase","firebase-functions-hash":"72280a964f4e8c09da829e0720ffe28adebb7a94"},"environment":"GEN_2"},"stages":[{"name":"BUILD","message":"Creating build","state":"IN_PROGRESS","resource":"projects/627496731356/locations/us-central1/builds/8a3c9003-9dc8-4c73-aec7-658cdc70c3e2","resourceUri":"https://console.cloud.google.com/cloud-build/builds;region=us-central1/8a3c9003-9dc8-4c73-aec7-658cdc70c3e2?project=627496731356"},{"name":"SERVICE","state":"NOT_STARTED"}],"operationType":"CREATE_FUNCTION"},"done":false}
[debug] [2024-03-13T12:51:28.713Z] [create-default-us-central1-processHotmartPurchase] Retrying task index 0
[debug] [2024-03-13T12:51:28.714Z] >>> [apiv2][query] GET https://cloudfunctions.googleapis.com/v2/projects/expertkitauth/locations/us-central1/operations/operation-1710334287095-6138a3ba127ac-667b87f3-2d8c7bb5 [none]
[debug] [2024-03-13T12:51:29.499Z] <<< [apiv2][status] GET https://cloudfunctions.googleapis.com/v2/projects/expertkitauth/locations/us-central1/operations/operation-1710334287095-6138a3ba127ac-667b87f3-2d8c7bb5 200
[debug] [2024-03-13T12:51:29.499Z] <<< [apiv2][body] GET https://cloudfunctions.googleapis.com/v2/projects/expertkitauth/locations/us-central1/operations/operation-1710334287095-6138a3ba127ac-667b87f3-2d8c7bb5 {"name":"projects/expertkitauth/locations/us-central1/operations/operation-1710334287095-6138a3ba127ac-667b87f3-2d8c7bb5","metadata":{"@type":"type.googleapis.com/google.cloud.functions.v2.OperationMetadata","createTime":"2024-03-13T12:51:27.552715255Z","target":"projects/expertkitauth/locations/us-central1/functions/processHotmartPurchase","verb":"create","cancelRequested":false,"apiVersion":"v2","requestResource":{"@type":"type.googleapis.com/google.cloud.functions.v2.Function","name":"projects/expertkitauth/locations/us-central1/functions/processHotmartPurchase","buildConfig":{"runtime":"nodejs18","entryPoint":"processHotmartPurchase","source":{"storageSource":{"bucket":"gcf-v2-sources-627496731356-us-central1","object":"processHotmartPurchase/function-source.zip","generation":"1710334287265760"}},"environmentVariables":{"GOOGLE_NODE_RUN_SCRIPTS":""}},"serviceConfig":{"service":"projects/expertkitauth/locations/us-central1/services/processhotmartpurchase","timeoutSeconds":60,"environmentVariables":{"FIREBASE_CONFIG":"{\"projectId\":\"expertkitauth\",\"storageBucket\":\"expertkitauth.appspot.com\"}","GCLOUD_PROJECT":"expertkitauth","EVENTARC_CLOUD_EVENT_SOURCE":"projects/expertkitauth/locations/us-central1/services/processHotmartPurchase","FUNCTION_TARGET":"processHotmartPurchase"},"ingressSettings":"ALLOW_ALL","serviceAccountEmail":"627496731356-compute@developer.gserviceaccount.com","availableMemory":"256Mi","maxInstanceRequestConcurrency":80,"availableCpu":"1"},"labels":{"deployment-tool":"cli-firebase","firebase-functions-hash":"72280a964f4e8c09da829e0720ffe28adebb7a94"},"environment":"GEN_2"},"stages":[{"name":"BUILD","message":"Build in progress","state":"IN_PROGRESS","resource":"projects/627496731356/locations/us-central1/builds/8a3c9003-9dc8-4c73-aec7-658cdc70c3e2","resourceUri":"https://console.cloud.google.com/cloud-build/builds;region=us-central1/8a3c9003-9dc8-4c73-aec7-658cdc70c3e2?project=627496731356"},{"name":"SERVICE","state":"NOT_STARTED"}],"operationType":"CREATE_FUNCTION"},"done":false}
[debug] [2024-03-13T12:51:30.500Z] [create-default-us-central1-processHotmartPurchase] Retrying task index 0
[debug] [2024-03-13T12:51:30.501Z] >>> [apiv2][query] GET https://cloudfunctions.googleapis.com/v2/projects/expertkitauth/locations/us-central1/operations/operation-1710334287095-6138a3ba127ac-667b87f3-2d8c7bb5 [none]
[debug] [2024-03-13T12:51:31.244Z] <<< [apiv2][status] GET https://cloudfunctions.googleapis.com/v2/projects/expertkitauth/locations/us-central1/operations/operation-1710334287095-6138a3ba127ac-667b87f3-2d8c7bb5 200
[debug] [2024-03-13T12:51:31.244Z] <<< [apiv2][body] GET https://cloudfunctions.googleapis.com/v2/projects/expertkitauth/locations/us-central1/operations/operation-1710334287095-6138a3ba127ac-667b87f3-2d8c7bb5 {"name":"projects/expertkitauth/locations/us-central1/operations/operation-1710334287095-6138a3ba127ac-667b87f3-2d8c7bb5","metadata":{"@type":"type.googleapis.com/google.cloud.functions.v2.OperationMetadata","createTime":"2024-03-13T12:51:27.552715255Z","target":"projects/expertkitauth/locations/us-central1/functions/processHotmartPurchase","verb":"create","cancelRequested":false,"apiVersion":"v2","requestResource":{"@type":"type.googleapis.com/google.cloud.functions.v2.Function","name":"projects/expertkitauth/locations/us-central1/functions/processHotmartPurchase","buildConfig":{"runtime":"nodejs18","entryPoint":"processHotmartPurchase","source":{"storageSource":{"bucket":"gcf-v2-sources-627496731356-us-central1","object":"processHotmartPurchase/function-source.zip","generation":"1710334287265760"}},"environmentVariables":{"GOOGLE_NODE_RUN_SCRIPTS":""}},"serviceConfig":{"service":"projects/expertkitauth/locations/us-central1/services/processhotmartpurchase","timeoutSeconds":60,"environmentVariables":{"FIREBASE_CONFIG":"{\"projectId\":\"expertkitauth\",\"storageBucket\":\"expertkitauth.appspot.com\"}","GCLOUD_PROJECT":"expertkitauth","EVENTARC_CLOUD_EVENT_SOURCE":"projects/expertkitauth/locations/us-central1/services/processHotmartPurchase","FUNCTION_TARGET":"processHotmartPurchase"},"ingressSettings":"ALLOW_ALL","serviceAccountEmail":"627496731356-compute@developer.gserviceaccount.com","availableMemory":"256Mi","maxInstanceRequestConcurrency":80,"availableCpu":"1"},"labels":{"deployment-tool":"cli-firebase","firebase-functions-hash":"72280a964f4e8c09da829e0720ffe28adebb7a94"},"environment":"GEN_2"},"stages":[{"name":"BUILD","message":"Build in progress","state":"IN_PROGRESS","resource":"projects/627496731356/locations/us-central1/builds/8a3c9003-9dc8-4c73-aec7-658cdc70c3e2","resourceUri":"https://console.cloud.google.com/cloud-build/builds;region=us-central1/8a3c9003-9dc8-4c73-aec7-658cdc70c3e2?project=627496731356"},{"name":"SERVICE","state":"NOT_STARTED"}],"operationType":"CREATE_FUNCTION"},"done":false}
[debug] [2024-03-13T12:51:33.256Z] [create-default-us-central1-processHotmartPurchase] Retrying task index 0
[debug] [2024-03-13T12:51:33.257Z] >>> [apiv2][query] GET https://cloudfunctions.googleapis.com/v2/projects/expertkitauth/locations/us-central1/operations/operation-1710334287095-6138a3ba127ac-667b87f3-2d8c7bb5 [none]
[debug] [2024-03-13T12:51:34.051Z] <<< [apiv2][status] GET https://cloudfunctions.googleapis.com/v2/projects/expertkitauth/locations/us-central1/operations/operation-1710334287095-6138a3ba127ac-667b87f3-2d8c7bb5 200
[debug] [2024-03-13T12:51:34.051Z] <<< [apiv2][body] GET https://cloudfunctions.googleapis.com/v2/projects/expertkitauth/locations/us-central1/operations/operation-1710334287095-6138a3ba127ac-667b87f3-2d8c7bb5 {"name":"projects/expertkitauth/locations/us-central1/operations/operation-1710334287095-6138a3ba127ac-667b87f3-2d8c7bb5","metadata":{"@type":"type.googleapis.com/google.cloud.functions.v2.OperationMetadata","createTime":"2024-03-13T12:51:27.552715255Z","target":"projects/expertkitauth/locations/us-central1/functions/processHotmartPurchase","verb":"create","cancelRequested":false,"apiVersion":"v2","requestResource":{"@type":"type.googleapis.com/google.cloud.functions.v2.Function","name":"projects/expertkitauth/locations/us-central1/functions/processHotmartPurchase","buildConfig":{"runtime":"nodejs18","entryPoint":"processHotmartPurchase","source":{"storageSource":{"bucket":"gcf-v2-sources-627496731356-us-central1","object":"processHotmartPurchase/function-source.zip","generation":"1710334287265760"}},"environmentVariables":{"GOOGLE_NODE_RUN_SCRIPTS":""}},"serviceConfig":{"service":"projects/expertkitauth/locations/us-central1/services/processhotmartpurchase","timeoutSeconds":60,"environmentVariables":{"FIREBASE_CONFIG":"{\"projectId\":\"expertkitauth\",\"storageBucket\":\"expertkitauth.appspot.com\"}","GCLOUD_PROJECT":"expertkitauth","EVENTARC_CLOUD_EVENT_SOURCE":"projects/expertkitauth/locations/us-central1/services/processHotmartPurchase","FUNCTION_TARGET":"processHotmartPurchase"},"ingressSettings":"ALLOW_ALL","serviceAccountEmail":"627496731356-compute@developer.gserviceaccount.com","availableMemory":"256Mi","maxInstanceRequestConcurrency":80,"availableCpu":"1"},"labels":{"deployment-tool":"cli-firebase","firebase-functions-hash":"72280a964f4e8c09da829e0720ffe28adebb7a94"},"environment":"GEN_2"},"stages":[{"name":"BUILD","message":"Build in progress","state":"IN_PROGRESS","resource":"projects/627496731356/locations/us-central1/builds/8a3c9003-9dc8-4c73-aec7-658cdc70c3e2","resourceUri":"https://console.cloud.google.com/cloud-build/builds;region=us-central1/8a3c9003-9dc8-4c73-aec7-658cdc70c3e2?project=627496731356"},{"name":"SERVICE","state":"NOT_STARTED"}],"operationType":"CREATE_FUNCTION"},"done":false}
[debug] [2024-03-13T12:51:38.062Z] [create-default-us-central1-processHotmartPurchase] Retrying task index 0
[debug] [2024-03-13T12:51:38.063Z] >>> [apiv2][query] GET https://cloudfunctions.googleapis.com/v2/projects/expertkitauth/locations/us-central1/operations/operation-1710334287095-6138a3ba127ac-667b87f3-2d8c7bb5 [none]
[debug] [2024-03-13T12:51:38.836Z] <<< [apiv2][status] GET https://cloudfunctions.googleapis.com/v2/projects/expertkitauth/locations/us-central1/operations/operation-1710334287095-6138a3ba127ac-667b87f3-2d8c7bb5 200
[debug] [2024-03-13T12:51:38.836Z] <<< [apiv2][body] GET https://cloudfunctions.googleapis.com/v2/projects/expertkitauth/locations/us-central1/operations/operation-1710334287095-6138a3ba127ac-667b87f3-2d8c7bb5 {"name":"projects/expertkitauth/locations/us-central1/operations/operation-1710334287095-6138a3ba127ac-667b87f3-2d8c7bb5","metadata":{"@type":"type.googleapis.com/google.cloud.functions.v2.OperationMetadata","createTime":"2024-03-13T12:51:27.552715255Z","target":"projects/expertkitauth/locations/us-central1/functions/processHotmartPurchase","verb":"create","cancelRequested":false,"apiVersion":"v2","requestResource":{"@type":"type.googleapis.com/google.cloud.functions.v2.Function","name":"projects/expertkitauth/locations/us-central1/functions/processHotmartPurchase","buildConfig":{"runtime":"nodejs18","entryPoint":"processHotmartPurchase","source":{"storageSource":{"bucket":"gcf-v2-sources-627496731356-us-central1","object":"processHotmartPurchase/function-source.zip","generation":"1710334287265760"}},"environmentVariables":{"GOOGLE_NODE_RUN_SCRIPTS":""}},"serviceConfig":{"service":"projects/expertkitauth/locations/us-central1/services/processhotmartpurchase","timeoutSeconds":60,"environmentVariables":{"FIREBASE_CONFIG":"{\"projectId\":\"expertkitauth\",\"storageBucket\":\"expertkitauth.appspot.com\"}","GCLOUD_PROJECT":"expertkitauth","EVENTARC_CLOUD_EVENT_SOURCE":"projects/expertkitauth/locations/us-central1/services/processHotmartPurchase","FUNCTION_TARGET":"processHotmartPurchase"},"ingressSettings":"ALLOW_ALL","serviceAccountEmail":"627496731356-compute@developer.gserviceaccount.com","availableMemory":"256Mi","maxInstanceRequestConcurrency":80,"availableCpu":"1"},"labels":{"deployment-tool":"cli-firebase","firebase-functions-hash":"72280a964f4e8c09da829e0720ffe28adebb7a94"},"environment":"GEN_2"},"stages":[{"name":"BUILD","message":"Build in progress","state":"IN_PROGRESS","resource":"projects/627496731356/locations/us-central1/builds/8a3c9003-9dc8-4c73-aec7-658cdc70c3e2","resourceUri":"https://console.cloud.google.com/cloud-build/builds;region=us-central1/8a3c9003-9dc8-4c73-aec7-658cdc70c3e2?project=627496731356"},{"name":"SERVICE","state":"NOT_STARTED"}],"operationType":"CREATE_FUNCTION"},"done":false}
[debug] [2024-03-13T12:51:46.843Z] [create-default-us-central1-processHotmartPurchase] Retrying task index 0
[debug] [2024-03-13T12:51:46.844Z] >>> [apiv2][query] GET https://cloudfunctions.googleapis.com/v2/projects/expertkitauth/locations/us-central1/operations/operation-1710334287095-6138a3ba127ac-667b87f3-2d8c7bb5 [none]
[debug] [2024-03-13T12:51:47.741Z] <<< [apiv2][status] GET https://cloudfunctions.googleapis.com/v2/projects/expertkitauth/locations/us-central1/operations/operation-1710334287095-6138a3ba127ac-667b87f3-2d8c7bb5 200
[debug] [2024-03-13T12:51:47.742Z] <<< [apiv2][body] GET https://cloudfunctions.googleapis.com/v2/projects/expertkitauth/locations/us-central1/operations/operation-1710334287095-6138a3ba127ac-667b87f3-2d8c7bb5 {"name":"projects/expertkitauth/locations/us-central1/operations/operation-1710334287095-6138a3ba127ac-667b87f3-2d8c7bb5","metadata":{"@type":"type.googleapis.com/google.cloud.functions.v2.OperationMetadata","createTime":"2024-03-13T12:51:27.552715255Z","target":"projects/expertkitauth/locations/us-central1/functions/processHotmartPurchase","verb":"create","cancelRequested":false,"apiVersion":"v2","requestResource":{"@type":"type.googleapis.com/google.cloud.functions.v2.Function","name":"projects/expertkitauth/locations/us-central1/functions/processHotmartPurchase","buildConfig":{"runtime":"nodejs18","entryPoint":"processHotmartPurchase","source":{"storageSource":{"bucket":"gcf-v2-sources-627496731356-us-central1","object":"processHotmartPurchase/function-source.zip","generation":"1710334287265760"}},"environmentVariables":{"GOOGLE_NODE_RUN_SCRIPTS":""}},"serviceConfig":{"service":"projects/expertkitauth/locations/us-central1/services/processhotmartpurchase","timeoutSeconds":60,"environmentVariables":{"FIREBASE_CONFIG":"{\"projectId\":\"expertkitauth\",\"storageBucket\":\"expertkitauth.appspot.com\"}","GCLOUD_PROJECT":"expertkitauth","EVENTARC_CLOUD_EVENT_SOURCE":"projects/expertkitauth/locations/us-central1/services/processHotmartPurchase","FUNCTION_TARGET":"processHotmartPurchase"},"ingressSettings":"ALLOW_ALL","serviceAccountEmail":"627496731356-compute@developer.gserviceaccount.com","availableMemory":"256Mi","maxInstanceRequestConcurrency":80,"availableCpu":"1"},"labels":{"deployment-tool":"cli-firebase","firebase-functions-hash":"72280a964f4e8c09da829e0720ffe28adebb7a94"},"environment":"GEN_2"},"stages":[{"name":"BUILD","message":"Build in progress","state":"IN_PROGRESS","resource":"projects/627496731356/locations/us-central1/builds/8a3c9003-9dc8-4c73-aec7-658cdc70c3e2","resourceUri":"https://console.cloud.google.com/cloud-build/builds;region=us-central1/8a3c9003-9dc8-4c73-aec7-658cdc70c3e2?project=627496731356"},{"name":"SERVICE","state":"NOT_STARTED"}],"operationType":"CREATE_FUNCTION"},"done":false}
[debug] [2024-03-13T12:51:57.752Z] [create-default-us-central1-processHotmartPurchase] Retrying task index 0
[debug] [2024-03-13T12:51:57.753Z] >>> [apiv2][query] GET https://cloudfunctions.googleapis.com/v2/projects/expertkitauth/locations/us-central1/operations/operation-1710334287095-6138a3ba127ac-667b87f3-2d8c7bb5 [none]
[debug] [2024-03-13T12:51:58.530Z] <<< [apiv2][status] GET https://cloudfunctions.googleapis.com/v2/projects/expertkitauth/locations/us-central1/operations/operation-1710334287095-6138a3ba127ac-667b87f3-2d8c7bb5 200
[debug] [2024-03-13T12:51:58.530Z] <<< [apiv2][body] GET https://cloudfunctions.googleapis.com/v2/projects/expertkitauth/locations/us-central1/operations/operation-1710334287095-6138a3ba127ac-667b87f3-2d8c7bb5 {"name":"projects/expertkitauth/locations/us-central1/operations/operation-1710334287095-6138a3ba127ac-667b87f3-2d8c7bb5","metadata":{"@type":"type.googleapis.com/google.cloud.functions.v2.OperationMetadata","createTime":"2024-03-13T12:51:27.552715255Z","target":"projects/expertkitauth/locations/us-central1/functions/processHotmartPurchase","verb":"create","cancelRequested":false,"apiVersion":"v2","requestResource":{"@type":"type.googleapis.com/google.cloud.functions.v2.Function","name":"projects/expertkitauth/locations/us-central1/functions/processHotmartPurchase","buildConfig":{"runtime":"nodejs18","entryPoint":"processHotmartPurchase","source":{"storageSource":{"bucket":"gcf-v2-sources-627496731356-us-central1","object":"processHotmartPurchase/function-source.zip","generation":"1710334287265760"}},"environmentVariables":{"GOOGLE_NODE_RUN_SCRIPTS":""}},"serviceConfig":{"service":"projects/expertkitauth/locations/us-central1/services/processhotmartpurchase","timeoutSeconds":60,"environmentVariables":{"FIREBASE_CONFIG":"{\"projectId\":\"expertkitauth\",\"storageBucket\":\"expertkitauth.appspot.com\"}","GCLOUD_PROJECT":"expertkitauth","EVENTARC_CLOUD_EVENT_SOURCE":"projects/expertkitauth/locations/us-central1/services/processHotmartPurchase","FUNCTION_TARGET":"processHotmartPurchase"},"ingressSettings":"ALLOW_ALL","serviceAccountEmail":"627496731356-compute@developer.gserviceaccount.com","availableMemory":"256Mi","maxInstanceRequestConcurrency":80,"availableCpu":"1"},"labels":{"deployment-tool":"cli-firebase","firebase-functions-hash":"72280a964f4e8c09da829e0720ffe28adebb7a94"},"environment":"GEN_2"},"stages":[{"name":"BUILD","message":"Build in progress","state":"IN_PROGRESS","resource":"projects/627496731356/locations/us-central1/builds/8a3c9003-9dc8-4c73-aec7-658cdc70c3e2","resourceUri":"https://console.cloud.google.com/cloud-build/builds;region=us-central1/8a3c9003-9dc8-4c73-aec7-658cdc70c3e2?project=627496731356"},{"name":"SERVICE","state":"NOT_STARTED"}],"operationType":"CREATE_FUNCTION"},"done":false}
[debug] [2024-03-13T12:52:08.545Z] [create-default-us-central1-processHotmartPurchase] Retrying task index 0
[debug] [2024-03-13T12:52:08.546Z] >>> [apiv2][query] GET https://cloudfunctions.googleapis.com/v2/projects/expertkitauth/locations/us-central1/operations/operation-1710334287095-6138a3ba127ac-667b87f3-2d8c7bb5 [none]
[debug] [2024-03-13T12:52:09.319Z] <<< [apiv2][status] GET https://cloudfunctions.googleapis.com/v2/projects/expertkitauth/locations/us-central1/operations/operation-1710334287095-6138a3ba127ac-667b87f3-2d8c7bb5 200
[debug] [2024-03-13T12:52:09.319Z] <<< [apiv2][body] GET https://cloudfunctions.googleapis.com/v2/projects/expertkitauth/locations/us-central1/operations/operation-1710334287095-6138a3ba127ac-667b87f3-2d8c7bb5 {"name":"projects/expertkitauth/locations/us-central1/operations/operation-1710334287095-6138a3ba127ac-667b87f3-2d8c7bb5","metadata":{"@type":"type.googleapis.com/google.cloud.functions.v2.OperationMetadata","createTime":"2024-03-13T12:51:27.552715255Z","target":"projects/expertkitauth/locations/us-central1/functions/processHotmartPurchase","verb":"create","cancelRequested":false,"apiVersion":"v2","requestResource":{"@type":"type.googleapis.com/google.cloud.functions.v2.Function","name":"projects/expertkitauth/locations/us-central1/functions/processHotmartPurchase","buildConfig":{"runtime":"nodejs18","entryPoint":"processHotmartPurchase","source":{"storageSource":{"bucket":"gcf-v2-sources-627496731356-us-central1","object":"processHotmartPurchase/function-source.zip","generation":"1710334287265760"}},"environmentVariables":{"GOOGLE_NODE_RUN_SCRIPTS":""}},"serviceConfig":{"service":"projects/expertkitauth/locations/us-central1/services/processhotmartpurchase","timeoutSeconds":60,"environmentVariables":{"FIREBASE_CONFIG":"{\"projectId\":\"expertkitauth\",\"storageBucket\":\"expertkitauth.appspot.com\"}","GCLOUD_PROJECT":"expertkitauth","EVENTARC_CLOUD_EVENT_SOURCE":"projects/expertkitauth/locations/us-central1/services/processHotmartPurchase","FUNCTION_TARGET":"processHotmartPurchase"},"ingressSettings":"ALLOW_ALL","serviceAccountEmail":"627496731356-compute@developer.gserviceaccount.com","availableMemory":"256Mi","maxInstanceRequestConcurrency":80,"availableCpu":"1"},"labels":{"deployment-tool":"cli-firebase","firebase-functions-hash":"72280a964f4e8c09da829e0720ffe28adebb7a94"},"environment":"GEN_2"},"stages":[{"name":"BUILD","message":"Build in progress","state":"IN_PROGRESS","resource":"projects/627496731356/locations/us-central1/builds/8a3c9003-9dc8-4c73-aec7-658cdc70c3e2","resourceUri":"https://console.cloud.google.com/cloud-build/builds;region=us-central1/8a3c9003-9dc8-4c73-aec7-658cdc70c3e2?project=627496731356"},{"name":"SERVICE","state":"NOT_STARTED"}],"operationType":"CREATE_FUNCTION"},"done":false}
[debug] [2024-03-13T12:52:19.322Z] [create-default-us-central1-processHotmartPurchase] Retrying task index 0
[debug] [2024-03-13T12:52:19.323Z] >>> [apiv2][query] GET https://cloudfunctions.googleapis.com/v2/projects/expertkitauth/locations/us-central1/operations/operation-1710334287095-6138a3ba127ac-667b87f3-2d8c7bb5 [none]
[debug] [2024-03-13T12:52:20.073Z] <<< [apiv2][status] GET https://cloudfunctions.googleapis.com/v2/projects/expertkitauth/locations/us-central1/operations/operation-1710334287095-6138a3ba127ac-667b87f3-2d8c7bb5 200
[debug] [2024-03-13T12:52:20.073Z] <<< [apiv2][body] GET https://cloudfunctions.googleapis.com/v2/projects/expertkitauth/locations/us-central1/operations/operation-1710334287095-6138a3ba127ac-667b87f3-2d8c7bb5 {"name":"projects/expertkitauth/locations/us-central1/operations/operation-1710334287095-6138a3ba127ac-667b87f3-2d8c7bb5","metadata":{"@type":"type.googleapis.com/google.cloud.functions.v2.OperationMetadata","createTime":"2024-03-13T12:51:27.552715255Z","endTime":"2024-03-13T12:52:12.838074426Z","target":"projects/expertkitauth/locations/us-central1/functions/processHotmartPurchase","verb":"create","cancelRequested":false,"apiVersion":"v2","requestResource":{"@type":"type.googleapis.com/google.cloud.functions.v2.Function","name":"projects/expertkitauth/locations/us-central1/functions/processHotmartPurchase","buildConfig":{"runtime":"nodejs18","entryPoint":"processHotmartPurchase","source":{"storageSource":{"bucket":"gcf-v2-sources-627496731356-us-central1","object":"processHotmartPurchase/function-source.zip","generation":"1710334287265760"}},"environmentVariables":{"GOOGLE_NODE_RUN_SCRIPTS":""}},"serviceConfig":{"service":"projects/expertkitauth/locations/us-central1/services/processhotmartpurchase","timeoutSeconds":60,"environmentVariables":{"FIREBASE_CONFIG":"{\"projectId\":\"expertkitauth\",\"storageBucket\":\"expertkitauth.appspot.com\"}","GCLOUD_PROJECT":"expertkitauth","EVENTARC_CLOUD_EVENT_SOURCE":"projects/expertkitauth/locations/us-central1/services/processHotmartPurchase","FUNCTION_TARGET":"processHotmartPurchase"},"ingressSettings":"ALLOW_ALL","serviceAccountEmail":"627496731356-compute@developer.gserviceaccount.com","availableMemory":"256Mi","maxInstanceRequestConcurrency":80,"availableCpu":"1"},"labels":{"deployment-tool":"cli-firebase","firebase-functions-hash":"72280a964f4e8c09da829e0720ffe28adebb7a94"},"environment":"GEN_2"},"stages":[{"name":"ARTIFACT_REGISTRY","message":"Deleting function artifacts in Artifact Registry","state":"COMPLETE"},{"name":"SERVICE","message":"Deleting Cloud Run service","state":"COMPLETE","resource":"projects/expertkitauth/locations/us-central1/services/processhotmartpurchase"}],"operationType":"CREATE_FUNCTION"},"done":true,"error":{"code":3,"message":"Build failed with status: FAILURE and message: npm ERR! code EUSAGE\nnpm ERR! \nnpm ERR! `npm ci` can only install packages when your package.json and package-lock.json or npm-shrinkwrap.json are in sync. Please update your lock file with `npm install` before continuing.\nnpm ERR! \nnpm ERR! Missing: jest@29.7.0 from lock file\nnpm ERR! Missing: @jest/core@29.7.0 from lock file\nnpm ERR! Missing: @jest/types@29.6.3 from lock file\nnpm ERR! Missing: import-local@3.1.0 from lock file\nnpm ERR! Missing: jest-cli@29.7.0 from lock file\nnpm ERR! Missing: @jest/console@29.7.0 from lock file\nnpm ERR! Missing: @jest/reporters@29.7.0 from lock file\nnpm ERR! Missing: @jest/test-result@29.7.0 from lock file\nnpm ERR! Missing: @jest/transform@29.7.0 from lock file\nnpm ERR! Missing: ansi-escapes@4.3.2 from lock file\nnpm ERR! Missing: ci-info@3.9.0 from lock file\nnpm ERR! Missing: exit@0.1.2 from lock file\nnpm ERR! Missing: jest-changed-files@29.7.0 from lock file\nnpm ERR! Missing: jest-config@29.7.0 from lock file\nnpm ERR! Missing: jest-haste-map@29.7.0 from lock file\nnpm ERR! Missing: jest-message-util@29.7.0 from lock file\nnpm ERR! Missing: jest-regex-util@29.6.3 from lock file\nnpm ERR! Missing: jest-resolve@29.7.0 from lock file\nnpm ERR! Missing: jest-resolve-dependencies@29.7.0 from lock file\nnpm ERR! Missing: jest-runner@29.7.0 from lock file\nnpm ERR! Missing: jest-runtime@29.7.0 from lock file\nnpm ERR! Missing: jest-snapshot@29.7.0 from lock file\nnpm ERR! Missing: jest-util@29.7.0 from lock file\nnpm ERR! Missing: jest-validate@29.7.0 from lock file\nnpm ERR! Missing: jest-watcher@29.7.0 from lock file\nnpm ERR! Missing: micromatch@4.0.5 from lock file\nnpm ERR! Missing: pretty-format@29.7.0 from lock file\nnpm ERR! Missing: slash@3.0.0 from lock file\nnpm ERR! Missing: @bcoe/v8-coverage@0.2.3 from lock file\nnpm ERR! Missing: @jridgewell/trace-mapping@0.3.25 from lock file\nnpm ERR! Missing: collect-v8-coverage@1.0.2 from lock file\nnpm ERR! Missing: glob@7.2.3 from lock file\nnpm ERR! Missing: istanbul-lib-coverage@3.2.2 from lock file\nnpm ERR! Missing: istanbul-lib-instrument@6.0.2 from lock file\nnpm ERR! Missing: istanbul-lib-report@3.0.1 from lock file\nnpm ERR! Missing: istanbul-lib-source-maps@4.0.1 from lock file\nnpm ERR! Missing: istanbul-reports@3.1.7 from lock file\nnpm ERR! Missing: jest-worker@29.7.0 from lock file\nnpm ERR! Missing: string-length@4.0.2 from lock file\nnpm ERR! Missing: v8-to-istanbul@9.2.0 from lock file\nnpm ERR! Missing: @types/istanbul-lib-coverage@2.0.6 from lock file\nnpm ERR! Missing: @babel/core@7.24.0 from lock file\nnpm ERR! Missing: babel-plugin-istanbul@6.1.1 from lock file\nnpm ERR! Missing: convert-source-map@2.0.0 from lock file\nnpm ERR! Missing: pirates@4.0.6 from lock file\nnpm ERR! Missing: write-file-atomic@4.0.2 from lock file\nnpm ERR! Missing: @ampproject/remapping@2.3.0 from lock file\nnpm ERR! Missing: @babel/code-frame@7.23.5 from lock file\nnpm ERR! Missing: @babel/generator@7.23.6 from lock file\nnpm ERR! Missing: @babel/helper-compilation-targets@7.23.6 from lock file\nnpm ERR! Missing: @babel/helper-module-transforms@7.23.3 from lock file\nnpm ERR! Missing: @babel/helpers@7.24.0 from lock file\nnpm ERR! Missing: @babel/template@7.24.0 from lock file\nnpm ERR! Missing: @babel/traverse@7.24.0 from lock file\nnpm ERR! Missing: @babel/types@7.24.0 from lock file\nnpm ERR! Missing: gensync@1.0.0-beta.2 from lock file\nnpm ERR! Missing: json5@2.2.3 from lock file\nnpm ERR! Missing: semver@6.3.1 from lock file\nnpm ERR! Missing: @jridgewell/gen-mapping@0.3.5 from lock file\nnpm ERR! Missing: @babel/highlight@7.23.4 from lock file\nnpm ERR! Missing: chalk@2.4.2 from lock file\nnpm ERR! Missing: jsesc@2.5.2 from lock file\nnpm ERR! Missing: @babel/compat-data@7.23.5 from lock file\nnpm ERR! Missing: @babel/helper-validator-option@7.23.5 from lock file\nnpm ERR! Missing: browserslist@4.23.0 from lock file\nnpm ERR! Missing: lru-cache@5.1.1 from lock file\nnpm ERR! Missing: semver@6.3.1 from lock file\nnpm ERR! Missing: @babel/helper-environment-visitor@7.22.20 from lock file\nnpm ERR! Missing: @babel/helper-module-imports@7.22.15 from lock file\nnpm ERR! Missing: @babel/helper-simple-access@7.22.5 from lock file\nnpm ERR! Missing: @babel/helper-split-export-declaration@7.22.6 from lock file\nnpm ERR! Missing: @babel/helper-validator-identifier@7.22.20 from lock file\nnpm ERR! Missing: chalk@2.4.2 from lock file\nnpm ERR! Missing: js-tokens@4.0.0 from lock file\nnpm ERR! Missing: @babel/helper-function-name@7.23.0 from lock file\nnpm ERR! Missing: @babel/helper-hoist-variables@7.22.5 from lock file\nnpm ERR! Missing: globals@11.12.0 from lock file\nnpm ERR! Missing: @babel/helper-string-parser@7.23.4 from lock file\nnpm ERR! Missing: to-fast-properties@2.0.0 from lock file\nnpm ERR! Missing: @jest/schemas@29.6.3 from lock file\nnpm ERR! Missing: @types/istanbul-reports@3.0.4 from lock file\nnpm ERR! Missing: @types/yargs@17.0.32 from lock file\nnpm ERR! Missing: @sinclair/typebox@0.27.8 from lock file\nnpm ERR! Missing: @jridgewell/set-array@1.2.1 from lock file\nnpm ERR! Missing: @jridgewell/sourcemap-codec@1.4.15 from lock file\nnpm ERR! Missing: @jridgewell/resolve-uri@3.1.2 from lock file\nnpm ERR! Missing: @types/istanbul-lib-report@3.0.3 from lock file\nnpm ERR! Missing: @types/yargs-parser@21.0.3 from lock file\nnpm ERR! Missing: type-fest@0.21.3 from lock file\nnpm ERR! Missing: @babel/helper-plugin-utils@7.24.0 from lock file\nnpm ERR! Missing: @istanbuljs/load-nyc-config@1.1.0 from lock file\nnpm ERR! Missing: @istanbuljs/schema@0.1.3 from lock file\nnpm ERR! Missing: istanbul-lib-instrument@5.2.1 from lock file\nnpm ERR! Missing: test-exclude@6.0.0 from lock file\nnpm ERR! Missing: camelcase@5.3.1 from lock file\nnpm ERR! Missing: find-up@4.1.0 from lock file\nnpm ERR! Missing: get-package-type@0.1.0 from lock file\nnpm ERR! Missing: js-yaml@3.14.1 from lock file\nnpm ERR! Missing: resolve-from@5.0.0 from lock file\nnpm ERR! Missing: caniuse-lite@1.0.30001597 from lock file\nnpm ERR! Missing: electron-to-chromium@1.4.703 from lock file\nnpm ERR! Missing: node-releases@2.0.14 from lock file\nnpm ERR! Missing: update-browserslist-db@1.0.13 from lock file\nnpm ERR! Missing: pkg-dir@4.2.0 from lock file\nnpm ERR! Missing: resolve-cwd@3.0.0 from lock file\nnpm ERR! Missing: make-dir@4.0.0 from lock file\nnpm ERR! Missing: html-escaper@2.0.2 from lock file\nnpm ERR! Missing: execa@5.1.1 from lock file\nnpm ERR! Missing: get-stream@6.0.1 from lock file\nnpm ERR! Missing: human-signals@2.1.0 from lock file\nnpm ERR! Missing: merge-stream@2.0.0 from lock file\nnpm ERR! Missing: npm-run-path@4.0.1 from lock file\nnpm ERR! Missing: onetime@5.1.2 from lock file\nnpm ERR! Missing: signal-exit@3.0.7 from lock file\nnpm ERR! Missing: strip-final-newline@2.0.0 from lock file\nnpm ERR! Missing: create-jest@29.7.0 from lock file\nnpm ERR! Missing: prompts@2.4.2 from lock file\nnpm ERR! Missing: @jest/test-sequencer@29.7.0 from lock file\nnpm ERR! Missing: babel-jest@29.7.0 from lock file\nnpm ERR! Missing: deepmerge@4.3.1 from lock file\nnpm ERR! Missing: glob@7.2.3 from lock file\nnpm ERR! Missing: jest-circus@29.7.0 from lock file\nnpm ERR! Missing: jest-environment-node@29.7.0 from lock file\nnpm ERR! Missing: jest-get-type@29.6.3 from lock file\nnpm ERR! Missing: parse-json@5.2.0 from lock file\nnpm ERR! Missing: @types/babel__core@7.20.5 from lock file\nnpm ERR! Missing: babel-preset-jest@29.6.3 from lock file\nnpm ERR! Missing: @types/babel__generator@7.6.8 from lock file\nnpm ERR! Missing: @types/babel__template@7.4.4 from lock file\nnpm ERR! Missing: @types/babel__traverse@7.20.5 from lock file\nnpm ERR! Missing: babel-plugin-jest-hoist@29.6.3 from lock file\nnpm ERR! Missing: babel-preset-current-node-syntax@1.0.1 from lock file\nnpm ERR! Missing: @babel/plugin-syntax-async-generators@7.8.4 from lock file\nnpm ERR! Missing: @babel/plugin-syntax-bigint@7.8.3 from lock file\nnpm ERR! Missing: @babel/plugin-syntax-class-properties@7.12.13 from lock file\nnpm ERR! Missing: @babel/plugin-syntax-import-meta@7.10.4 from lock file\nnpm ERR! Missing: @babel/plugin-syntax-json-strings@7.8.3 from lock file\nnpm ERR! Missing: @babel/plugin-syntax-logical-assignment-operators@7.10.4 from lock file\nnpm ERR! Missing: @babel/plugin-syntax-nullish-coalescing-operator@7.8.3 from lock file\nnpm ERR! Missing: @babel/plugin-syntax-numeric-separator@7.10.4 from lock file\nnpm ERR! Missing: @babel/plugin-syntax-object-rest-spread@7.8.3 from lock file\nnpm ERR! Missing: @babel/plugin-syntax-optional-catch-binding@7.8.3 from lock file\nnpm ERR! Missing: @babel/plugin-syntax-optional-chaining@7.8.3 from lock file\nnpm ERR! Missing: @babel/plugin-syntax-top-level-await@7.14.5 from lock file\nnpm ERR! Missing: @jest/environment@29.7.0 from lock file\nnpm ERR! Missing: @jest/expect@29.7.0 from lock file\nnpm ERR! Missing: co@4.6.0 from lock file\nnpm ERR! Missing: dedent@1.5.1 from lock file\nnpm ERR! Missing: is-generator-fn@2.1.0 from lock file\nnpm ERR! Missing: jest-each@29.7.0 from lock file\nnpm ERR! Missing: jest-matcher-utils@29.7.0 from lock file\nnpm ERR! Missing: pure-rand@6.0.4 from lock file\nnpm ERR! Missing: stack-utils@2.0.6 from lock file\nnpm ERR! Missing: @jest/fake-timers@29.7.0 from lock file\nnpm ERR! Missing: jest-mock@29.7.0 from lock file\nnpm ERR! Missing: expect@29.7.0 from lock file\nnpm ERR! Missing: @sinonjs/fake-timers@10.3.0 from lock file\nnpm ERR! Missing: @sinonjs/commons@3.0.1 from lock file\nnpm ERR! Missing: type-detect@4.0.8 from lock file\nnpm ERR! Missing: @jest/expect-utils@29.7.0 from lock file\nnpm ERR! Missing: @types/graceful-fs@4.1.9 from lock file\nnpm ERR! Missing: anymatch@3.1.3 from lock file\nnpm ERR! Missing: fb-watchman@2.0.2 from lock file\nnpm ERR! Missing: fsevents@2.3.3 from lock file\nnpm ERR! Missing: walker@1.0.8 from lock file\nnpm ERR! Missing: normalize-path@3.0.0 from lock file\nnpm ERR! Missing: picomatch@2.3.1 from lock file\nnpm ERR! Missing: bser@2.1.1 from lock file\nnpm ERR! Missing: node-int64@0.4.0 from lock file\nnpm ERR! Missing: jest-diff@29.7.0 from lock file\nnpm ERR! Missing: diff-sequences@29.6.3 from lock file\nnpm ERR! Missing: @types/stack-utils@2.0.3 from lock file\nnpm ERR! Missing: jest-pnp-resolver@1.2.3 from lock file\nnpm ERR! Missing: resolve@1.22.8 from lock file\nnpm ERR! Missing: resolve.exports@2.0.2 from lock file\nnpm ERR! Missing: emittery@0.13.1 from lock file\nnpm ERR! Missing: jest-docblock@29.7.0 from lock file\nnpm ERR! Missing: jest-leak-detector@29.7.0 from lock file\nnpm ERR! Missing: source-map-support@0.5.13 from lock file\nnpm ERR! Missing: detect-newline@3.1.0 from lock file\nnpm ERR! Missing: @jest/globals@29.7.0 from lock file\nnpm ERR! Missing: @jest/source-map@29.6.3 from lock file\nnpm ERR! Missing: cjs-module-lexer@1.2.3 from lock file\nnpm ERR! Missing: glob@7.2.3 from lock file\nnpm ERR! Missing: strip-bom@4.0.0 from lock file\nnpm ERR! Missing: @babel/plugin-syntax-jsx@7.23.3 from lock file\nnpm ERR! Missing: @babel/plugin-syntax-typescript@7.23.3 from lock file\nnpm ERR! Missing: camelcase@6.3.0 from lock file\nnpm ERR! Missing: leven@3.1.0 from lock file\nnpm ERR! Missing: supports-color@8.1.1 from lock file\nnpm ERR! Missing: braces@3.0.2 from lock file\nnpm ERR! Missing: fill-range@7.0.1 from lock file\nnpm ERR! Missing: to-regex-range@5.0.1 from lock file\nnpm ERR! Missing: mimic-fn@2.1.0 from lock file\nnpm ERR! Missing: error-ex@1.3.2 from lock file\nnpm ERR! Missing: json-parse-even-better-errors@2.3.1 from lock file\nnpm ERR! Missing: lines-and-columns@1.2.4 from lock file\nnpm ERR! Missing: is-arrayish@0.2.1 from lock file\nnpm ERR! Missing: find-up@4.1.0 from lock file\nnpm ERR! Missing: ansi-styles@5.2.0 from lock file\nnpm ERR! Missing: react-is@18.2.0 from lock file\nnpm ERR! Missing: kleur@3.0.3 from lock file\nnpm ERR! Missing: sisteransi@1.0.5 from lock file\nnpm ERR! Missing: is-core-module@2.13.1 from lock file\nnpm ERR! Missing: path-parse@1.0.7 from lock file\nnpm ERR! Missing: supports-preserve-symlinks-flag@1.0.0 from lock file\nnpm ERR! Missing: resolve-from@5.0.0 from lock file\nnpm ERR! Missing: buffer-from@1.1.2 from lock file\nnpm ERR! Missing: escape-string-regexp@2.0.0 from lock file\nnpm ERR! Missing: char-regex@1.0.2 from lock file\nnpm ERR! Missing: glob@7.2.3 from lock file\nnpm ERR! Missing: is-number@7.0.0 from lock file\nnpm ERR! Missing: picocolors@1.0.0 from lock file\nnpm ERR! Missing: makeerror@1.0.12 from lock file\nnpm ERR! Missing: tmpl@1.0.5 from lock file\nnpm ERR! Missing: ansi-styles@3.2.1 from lock file\nnpm ERR! Missing: escape-string-regexp@1.0.5 from lock file\nnpm ERR! Missing: supports-color@5.5.0 from lock file\nnpm ERR! Missing: color-convert@1.9.3 from lock file\nnpm ERR! Missing: color-name@1.1.3 from lock file\nnpm ERR! Missing: has-flag@3.0.0 from lock file\nnpm ERR! Missing: yallist@3.1.1 from lock file\nnpm ERR! Missing: ansi-styles@3.2.1 from lock file\nnpm ERR! Missing: escape-string-regexp@1.0.5 from lock file\nnpm ERR! Missing: supports-color@5.5.0 from lock file\nnpm ERR! Missing: color-convert@1.9.3 from lock file\nnpm ERR! Missing: color-name@1.1.3 from lock file\nnpm ERR! Missing: has-flag@3.0.0 from lock file\nnpm ERR! Missing: locate-path@5.0.0 from lock file\nnpm ERR! Missing: argparse@1.0.10 from lock file\nnpm ERR! Missing: sprintf-js@1.0.3 from lock file\nnpm ERR! Missing: p-locate@4.1.0 from lock file\nnpm ERR! Missing: p-limit@2.3.0 from lock file\nnpm ERR! Missing: p-try@2.2.0 from lock file\nnpm ERR! Missing: semver@6.3.1 from lock file\nnpm ERR! Missing: locate-path@5.0.0 from lock file\nnpm ERR! Missing: p-locate@4.1.0 from lock file\nnpm ERR! Missing: p-limit@2.3.0 from lock file\nnpm ERR! \nnpm ERR! Clean install a project\nnpm ERR! \nnpm ERR! Usage:\nnpm ERR! npm ci\nnpm ERR! \nnpm ERR! Options:\nnpm ERR! [--install-strategy <hoisted|nested|shallow|linked>] [--legacy-bundling]\nnpm ERR! [--global-style] [--omit <dev|optional|peer> [--omit <dev|optional|peer> ...]]\nnpm ERR! [--include <prod|dev|optional|peer> [--include <prod|dev|optional|peer> ...]]\nnpm ERR! [--strict-peer-deps] [--foreground-scripts] [--ignore-scripts] [--no-audit]\nnpm ERR! [--no-bin-links] [--no-fund] [--dry-run]\nnpm ERR! [-w|--workspace <workspace-name> [-w|--workspace <workspace-name> ...]]\nnpm ERR! [-ws|--workspaces] [--include-workspace-root] [--install-links]\nnpm ERR! \nnpm ERR! aliases: clean-install, ic, install-clean, isntall-clean\nnpm ERR! \nnpm ERR! Run \"npm help ci\" for more info\n\nnpm ERR! A complete log of this run can be found in: /www-data-home/.npm/_logs/2024-03-13T12_51_45_770Z-debug-0.log. For more details see the logs at https://console.cloud.google.com/cloud-build/builds;region=us-central1/8a3c9003-9dc8-4c73-aec7-658cdc70c3e2?project=627496731356."}}
[debug] [2024-03-13T12:52:20.076Z] Got source token undefined for region us-central1
[error] Build failed with status: FAILURE and message: npm ERR! code EUSAGE
npm ERR! 
npm ERR! `npm ci` can only install packages when your package.json and package-lock.json or npm-shrinkwrap.json are in sync. Please update your lock file with `npm install` before continuing.
npm ERR! 
npm ERR! Missing: jest@29.7.0 from lock file
npm ERR! Missing: @jest/core@29.7.0 from lock file
npm ERR! Missing: @jest/types@29.6.3 from lock file
npm ERR! Missing: import-local@3.1.0 from lock file
npm ERR! Missing: jest-cli@29.7.0 from lock file
npm ERR! Missing: @jest/console@29.7.0 from lock file
npm ERR! Missing: @jest/reporters@29.7.0 from lock file
npm ERR! Missing: @jest/test-result@29.7.0 from lock file
npm ERR! Missing: @jest/transform@29.7.0 from lock file
npm ERR! Missing: ansi-escapes@4.3.2 from lock file
npm ERR! Missing: ci-info@3.9.0 from lock file
npm ERR! Missing: exit@0.1.2 from lock file
npm ERR! Missing: jest-changed-files@29.7.0 from lock file
npm ERR! Missing: jest-config@29.7.0 from lock file
npm ERR! Missing: jest-haste-map@29.7.0 from lock file
npm ERR! Missing: jest-message-util@29.7.0 from lock file
npm ERR! Missing: jest-regex-util@29.6.3 from lock file
npm ERR! Missing: jest-resolve@29.7.0 from lock file
npm ERR! Missing: jest-resolve-dependencies@29.7.0 from lock file
npm ERR! Missing: jest-runner@29.7.0 from lock file
npm ERR! Missing: jest-runtime@29.7.0 from lock file
npm ERR! Missing: jest-snapshot@29.7.0 from lock file
npm ERR! Missing: jest-util@29.7.0 from lock file
npm ERR! Missing: jest-validate@29.7.0 from lock file
npm ERR! Missing: jest-watcher@29.7.0 from lock file
npm ERR! Missing: micromatch@4.0.5 from lock file
npm ERR! Missing: pretty-format@29.7.0 from lock file
npm ERR! Missing: slash@3.0.0 from lock file
npm ERR! Missing: @bcoe/v8-coverage@0.2.3 from lock file
npm ERR! Missing: @jridgewell/trace-mapping@0.3.25 from lock file
npm ERR! Missing: collect-v8-coverage@1.0.2 from lock file
npm ERR! Missing: glob@7.2.3 from lock file
npm ERR! Missing: istanbul-lib-coverage@3.2.2 from lock file
npm ERR! Missing: istanbul-lib-instrument@6.0.2 from lock file
npm ERR! Missing: istanbul-lib-report@3.0.1 from lock file
npm ERR! Missing: istanbul-lib-source-maps@4.0.1 from lock file
npm ERR! Missing: istanbul-reports@3.1.7 from lock file
npm ERR! Missing: jest-worker@29.7.0 from lock file
npm ERR! Missing: string-length@4.0.2 from lock file
npm ERR! Missing: v8-to-istanbul@9.2.0 from lock file
npm ERR! Missing: @types/istanbul-lib-coverage@2.0.6 from lock file
npm ERR! Missing: @babel/core@7.24.0 from lock file
npm ERR! Missing: babel-plugin-istanbul@6.1.1 from lock file
npm ERR! Missing: convert-source-map@2.0.0 from lock file
npm ERR! Missing: pirates@4.0.6 from lock file
npm ERR! Missing: write-file-atomic@4.0.2 from lock file
npm ERR! Missing: @ampproject/remapping@2.3.0 from lock file
npm ERR! Missing: @babel/code-frame@7.23.5 from lock file
npm ERR! Missing: @babel/generator@7.23.6 from lock file
npm ERR! Missing: @babel/helper-compilation-targets@7.23.6 from lock file
npm ERR! Missing: @babel/helper-module-transforms@7.23.3 from lock file
npm ERR! Missing: @babel/helpers@7.24.0 from lock file
npm ERR! Missing: @babel/template@7.24.0 from lock file
npm ERR! Missing: @babel/traverse@7.24.0 from lock file
npm ERR! Missing: @babel/types@7.24.0 from lock file
npm ERR! Missing: gensync@1.0.0-beta.2 from lock file
npm ERR! Missing: json5@2.2.3 from lock file
npm ERR! Missing: semver@6.3.1 from lock file
npm ERR! Missing: @jridgewell/gen-mapping@0.3.5 from lock file
npm ERR! Missing: @babel/highlight@7.23.4 from lock file
npm ERR! Missing: chalk@2.4.2 from lock file
npm ERR! Missing: jsesc@2.5.2 from lock file
npm ERR! Missing: @babel/compat-data@7.23.5 from lock file
npm ERR! Missing: @babel/helper-validator-option@7.23.5 from lock file
npm ERR! Missing: browserslist@4.23.0 from lock file
npm ERR! Missing: lru-cache@5.1.1 from lock file
npm ERR! Missing: semver@6.3.1 from lock file
npm ERR! Missing: @babel/helper-environment-visitor@7.22.20 from lock file
npm ERR! Missing: @babel/helper-module-imports@7.22.15 from lock file
npm ERR! Missing: @babel/helper-simple-access@7.22.5 from lock file
npm ERR! Missing: @babel/helper-split-export-declaration@7.22.6 from lock file
npm ERR! Missing: @babel/helper-validator-identifier@7.22.20 from lock file
npm ERR! Missing: chalk@2.4.2 from lock file
npm ERR! Missing: js-tokens@4.0.0 from lock file
npm ERR! Missing: @babel/helper-function-name@7.23.0 from lock file
npm ERR! Missing: @babel/helper-hoist-variables@7.22.5 from lock file
npm ERR! Missing: globals@11.12.0 from lock file
npm ERR! Missing: @babel/helper-string-parser@7.23.4 from lock file
npm ERR! Missing: to-fast-properties@2.0.0 from lock file
npm ERR! Missing: @jest/schemas@29.6.3 from lock file
npm ERR! Missing: @types/istanbul-reports@3.0.4 from lock file
npm ERR! Missing: @types/yargs@17.0.32 from lock file
npm ERR! Missing: @sinclair/typebox@0.27.8 from lock file
npm ERR! Missing: @jridgewell/set-array@1.2.1 from lock file
npm ERR! Missing: @jridgewell/sourcemap-codec@1.4.15 from lock file
npm ERR! Missing: @jridgewell/resolve-uri@3.1.2 from lock file
npm ERR! Missing: @types/istanbul-lib-report@3.0.3 from lock file
npm ERR! Missing: @types/yargs-parser@21.0.3 from lock file
npm ERR! Missing: type-fest@0.21.3 from lock file
npm ERR! Missing: @babel/helper-plugin-utils@7.24.0 from lock file
npm ERR! Missing: @istanbuljs/load-nyc-config@1.1.0 from lock file
npm ERR! Missing: @istanbuljs/schema@0.1.3 from lock file
npm ERR! Missing: istanbul-lib-instrument@5.2.1 from lock file
npm ERR! Missing: test-exclude@6.0.0 from lock file
npm ERR! Missing: camelcase@5.3.1 from lock file
npm ERR! Missing: find-up@4.1.0 from lock file
npm ERR! Missing: get-package-type@0.1.0 from lock file
npm ERR! Missing: js-yaml@3.14.1 from lock file
npm ERR! Missing: resolve-from@5.0.0 from lock file
npm ERR! Missing: caniuse-lite@1.0.30001597 from lock file
npm ERR! Missing: electron-to-chromium@1.4.703 from lock file
npm ERR! Missing: node-releases@2.0.14 from lock file
npm ERR! Missing: update-browserslist-db@1.0.13 from lock file
npm ERR! Missing: pkg-dir@4.2.0 from lock file
npm ERR! Missing: resolve-cwd@3.0.0 from lock file
npm ERR! Missing: make-dir@4.0.0 from lock file
npm ERR! Missing: html-escaper@2.0.2 from lock file
npm ERR! Missing: execa@5.1.1 from lock file
npm ERR! Missing: get-stream@6.0.1 from lock file
npm ERR! Missing: human-signals@2.1.0 from lock file
npm ERR! Missing: merge-stream@2.0.0 from lock file
npm ERR! Missing: npm-run-path@4.0.1 from lock file
npm ERR! Missing: onetime@5.1.2 from lock file
npm ERR! Missing: signal-exit@3.0.7 from lock file
npm ERR! Missing: strip-final-newline@2.0.0 from lock file
npm ERR! Missing: create-jest@29.7.0 from lock file
npm ERR! Missing: prompts@2.4.2 from lock file
npm ERR! Missing: @jest/test-sequencer@29.7.0 from lock file
npm ERR! Missing: babel-jest@29.7.0 from lock file
npm ERR! Missing: deepmerge@4.3.1 from lock file
npm ERR! Missing: glob@7.2.3 from lock file
npm ERR! Missing: jest-circus@29.7.0 from lock file
npm ERR! Missing: jest-environment-node@29.7.0 from lock file
npm ERR! Missing: jest-get-type@29.6.3 from lock file
npm ERR! Missing: parse-json@5.2.0 from lock file
npm ERR! Missing: @types/babel__core@7.20.5 from lock file
npm ERR! Missing: babel-preset-jest@29.6.3 from lock file
npm ERR! Missing: @types/babel__generator@7.6.8 from lock file
npm ERR! Missing: @types/babel__template@7.4.4 from lock file
npm ERR! Missing: @types/babel__traverse@7.20.5 from lock file
npm ERR! Missing: babel-plugin-jest-hoist@29.6.3 from lock file
npm ERR! Missing: babel-preset-current-node-syntax@1.0.1 from lock file
npm ERR! Missing: @babel/plugin-syntax-async-generators@7.8.4 from lock file
npm ERR! Missing: @babel/plugin-syntax-bigint@7.8.3 from lock file
npm ERR! Missing: @babel/plugin-syntax-class-properties@7.12.13 from lock file
npm ERR! Missing: @babel/plugin-syntax-import-meta@7.10.4 from lock file
npm ERR! Missing: @babel/plugin-syntax-json-strings@7.8.3 from lock file
npm ERR! Missing: @babel/plugin-syntax-logical-assignment-operators@7.10.4 from lock file
npm ERR! Missing: @babel/plugin-syntax-nullish-coalescing-operator@7.8.3 from lock file
npm ERR! Missing: @babel/plugin-syntax-numeric-separator@7.10.4 from lock file
npm ERR! Missing: @babel/plugin-syntax-object-rest-spread@7.8.3 from lock file
npm ERR! Missing: @babel/plugin-syntax-optional-catch-binding@7.8.3 from lock file
npm ERR! Missing: @babel/plugin-syntax-optional-chaining@7.8.3 from lock file
npm ERR! Missing: @babel/plugin-syntax-top-level-await@7.14.5 from lock file
npm ERR! Missing: @jest/environment@29.7.0 from lock file
npm ERR! Missing: @jest/expect@29.7.0 from lock file
npm ERR! Missing: co@4.6.0 from lock file
npm ERR! Missing: dedent@1.5.1 from lock file
npm ERR! Missing: is-generator-fn@2.1.0 from lock file
npm ERR! Missing: jest-each@29.7.0 from lock file
npm ERR! Missing: jest-matcher-utils@29.7.0 from lock file
npm ERR! Missing: pure-rand@6.0.4 from lock file
npm ERR! Missing: stack-utils@2.0.6 from lock file
npm ERR! Missing: @jest/fake-timers@29.7.0 from lock file
npm ERR! Missing: jest-mock@29.7.0 from lock file
npm ERR! Missing: expect@29.7.0 from lock file
npm ERR! Missing: @sinonjs/fake-timers@10.3.0 from lock file
npm ERR! Missing: @sinonjs/commons@3.0.1 from lock file
npm ERR! Missing: type-detect@4.0.8 from lock file
npm ERR! Missing: @jest/expect-utils@29.7.0 from lock file
npm ERR! Missing: @types/graceful-fs@4.1.9 from lock file
npm ERR! Missing: anymatch@3.1.3 from lock file
npm ERR! Missing: fb-watchman@2.0.2 from lock file
npm ERR! Missing: fsevents@2.3.3 from lock file
npm ERR! Missing: walker@1.0.8 from lock file
npm ERR! Missing: normalize-path@3.0.0 from lock file
npm ERR! Missing: picomatch@2.3.1 from lock file
npm ERR! Missing: bser@2.1.1 from lock file
npm ERR! Missing: node-int64@0.4.0 from lock file
npm ERR! Missing: jest-diff@29.7.0 from lock file
npm ERR! Missing: diff-sequences@29.6.3 from lock file
npm ERR! Missing: @types/stack-utils@2.0.3 from lock file
npm ERR! Missing: jest-pnp-resolver@1.2.3 from lock file
npm ERR! Missing: resolve@1.22.8 from lock file
npm ERR! Missing: resolve.exports@2.0.2 from lock file
npm ERR! Missing: emittery@0.13.1 from lock file
npm ERR! Missing: jest-docblock@29.7.0 from lock file
npm ERR! Missing: jest-leak-detector@29.7.0 from lock file
npm ERR! Missing: source-map-support@0.5.13 from lock file
npm ERR! Missing: detect-newline@3.1.0 from lock file
npm ERR! Missing: @jest/globals@29.7.0 from lock file
npm ERR! Missing: @jest/source-map@29.6.3 from lock file
npm ERR! Missing: cjs-module-lexer@1.2.3 from lock file
npm ERR! Missing: glob@7.2.3 from lock file
npm ERR! Missing: strip-bom@4.0.0 from lock file
npm ERR! Missing: @babel/plugin-syntax-jsx@7.23.3 from lock file
npm ERR! Missing: @babel/plugin-syntax-typescript@7.23.3 from lock file
npm ERR! Missing: camelcase@6.3.0 from lock file
npm ERR! Missing: leven@3.1.0 from lock file
npm ERR! Missing: supports-color@8.1.1 from lock file
npm ERR! Missing: braces@3.0.2 from lock file
npm ERR! Missing: fill-range@7.0.1 from lock file
npm ERR! Missing: to-regex-range@5.0.1 from lock file
npm ERR! Missing: mimic-fn@2.1.0 from lock file
npm ERR! Missing: error-ex@1.3.2 from lock file
npm ERR! Missing: json-parse-even-better-errors@2.3.1 from lock file
npm ERR! Missing: lines-and-columns@1.2.4 from lock file
npm ERR! Missing: is-arrayish@0.2.1 from lock file
npm ERR! Missing: find-up@4.1.0 from lock file
npm ERR! Missing: ansi-styles@5.2.0 from lock file
npm ERR! Missing: react-is@18.2.0 from lock file
npm ERR! Missing: kleur@3.0.3 from lock file
npm ERR! Missing: sisteransi@1.0.5 from lock file
npm ERR! Missing: is-core-module@2.13.1 from lock file
npm ERR! Missing: path-parse@1.0.7 from lock file
npm ERR! Missing: supports-preserve-symlinks-flag@1.0.0 from lock file
npm ERR! Missing: resolve-from@5.0.0 from lock file
npm ERR! Missing: buffer-from@1.1.2 from lock file
npm ERR! Missing: escape-string-regexp@2.0.0 from lock file
npm ERR! Missing: char-regex@1.0.2 from lock file
npm ERR! Missing: glob@7.2.3 from lock file
npm ERR! Missing: is-number@7.0.0 from lock file
npm ERR! Missing: picocolors@1.0.0 from lock file
npm ERR! Missing: makeerror@1.0.12 from lock file
npm ERR! Missing: tmpl@1.0.5 from lock file
npm ERR! Missing: ansi-styles@3.2.1 from lock file
npm ERR! Missing: escape-string-regexp@1.0.5 from lock file
npm ERR! Missing: supports-color@5.5.0 from lock file
npm ERR! Missing: color-convert@1.9.3 from lock file
npm ERR! Missing: color-name@1.1.3 from lock file
npm ERR! Missing: has-flag@3.0.0 from lock file
npm ERR! Missing: yallist@3.1.1 from lock file
npm ERR! Missing: ansi-styles@3.2.1 from lock file
npm ERR! Missing: escape-string-regexp@1.0.5 from lock file
npm ERR! Missing: supports-color@5.5.0 from lock file
npm ERR! Missing: color-convert@1.9.3 from lock file
npm ERR! Missing: color-name@1.1.3 from lock file
npm ERR! Missing: has-flag@3.0.0 from lock file
npm ERR! Missing: locate-path@5.0.0 from lock file
npm ERR! Missing: argparse@1.0.10 from lock file
npm ERR! Missing: sprintf-js@1.0.3 from lock file
npm ERR! Missing: p-locate@4.1.0 from lock file
npm ERR! Missing: p-limit@2.3.0 from lock file
npm ERR! Missing: p-try@2.2.0 from lock file
npm ERR! Missing: semver@6.3.1 from lock file
npm ERR! Missing: locate-path@5.0.0 from lock file
npm ERR! Missing: p-locate@4.1.0 from lock file
npm ERR! Missing: p-limit@2.3.0 from lock file
npm ERR! 
npm ERR! Clean install a project
npm ERR! 
npm ERR! Usage:
npm ERR! npm ci
npm ERR! 
npm ERR! Options:
npm ERR! [--install-strategy <hoisted|nested|shallow|linked>] [--legacy-bundling]
npm ERR! [--global-style] [--omit <dev|optional|peer> [--omit <dev|optional|peer> ...]]
npm ERR! [--include <prod|dev|optional|peer> [--include <prod|dev|optional|peer> ...]]
npm ERR! [--strict-peer-deps] [--foreground-scripts] [--ignore-scripts] [--no-audit]
npm ERR! [--no-bin-links] [--no-fund] [--dry-run]
npm ERR! [-w|--workspace <workspace-name> [-w|--workspace <workspace-name> ...]]
npm ERR! [-ws|--workspaces] [--include-workspace-root] [--install-links]
npm ERR! 
npm ERR! aliases: clean-install, ic, install-clean, isntall-clean
npm ERR! 
npm ERR! Run "npm help ci" for more info

npm ERR! A complete log of this run can be found in: /www-data-home/.npm/_logs/2024-03-13T12_51_45_770Z-debug-0.log. For more details see the logs at https://console.cloud.google.com/cloud-build/builds;region=us-central1/8a3c9003-9dc8-4c73-aec7-658cdc70c3e2?project=627496731356.
[debug] [2024-03-13T12:52:20.121Z] Total Function Deployment time: 53961
[debug] [2024-03-13T12:52:20.122Z] 1 Functions Deployed
[debug] [2024-03-13T12:52:20.122Z] 1 Functions Errored
[debug] [2024-03-13T12:52:20.122Z] 0 Function Deployments Aborted
[debug] [2024-03-13T12:52:20.122Z] Average Function Deployment time: 53959
[info] 
[info] Functions deploy had errors with the following functions:
	processHotmartPurchase(us-central1)
[debug] [2024-03-13T12:52:20.315Z] Not printing URL for HTTPS function. Typically this means it didn't match a filter or we failed deployment
[info] i  functions: cleaning up build files... 
[debug] [2024-03-13T12:52:20.320Z] >>> [apiv2][query] DELETE https://artifactregistry.googleapis.com/v1beta2/projects/expertkitauth/locations/us-central1/repositories/gcf-artifacts/packages/process_hotmart_purchase [none]
[debug] [2024-03-13T12:52:20.322Z] >>> [apiv2][query] GET https://us.gcr.io/v2/expertkitauth/gcf/us-central1/tags/list [none]
[debug] [2024-03-13T12:52:20.729Z] <<< [apiv2][status] GET https://us.gcr.io/v2/expertkitauth/gcf/us-central1/tags/list 404
[debug] [2024-03-13T12:52:20.729Z] <<< [apiv2][body] GET https://us.gcr.io/v2/expertkitauth/gcf/us-central1/tags/list {"errors":[{"code":"NAME_UNKNOWN","message":"Repository \"us.gcr.io\" not found"}]}
[debug] [2024-03-13T12:52:20.731Z] Failed docker command with error  HTTP Error: 404, Not Found {"name":"FirebaseError","children":[],"context":{"body":{"errors":[{"code":"NAME_UNKNOWN","message":"Repository \"us.gcr.io\" not found"}],"error":{"message":"Not Found"}},"response":{"statusCode":404}},"exit":1,"message":"HTTP Error: 404, Not Found","status":404}
[debug] [2024-03-13T12:52:20.733Z] >>> [apiv2][query] GET https://us.gcr.io/v2/expertkitauth/gcf/us-central1/tags/list [none]
[debug] [2024-03-13T12:52:21.060Z] <<< [apiv2][status] GET https://us.gcr.io/v2/expertkitauth/gcf/us-central1/tags/list 404
[debug] [2024-03-13T12:52:21.060Z] <<< [apiv2][body] GET https://us.gcr.io/v2/expertkitauth/gcf/us-central1/tags/list {"errors":[{"code":"NAME_UNKNOWN","message":"Repository \"us.gcr.io\" not found"}]}
[debug] [2024-03-13T12:52:21.060Z] Failed docker command with error  HTTP Error: 404, Not Found {"name":"FirebaseError","children":[],"context":{"body":{"errors":[{"code":"NAME_UNKNOWN","message":"Repository \"us.gcr.io\" not found"}],"error":{"message":"Not Found"}},"response":{"statusCode":404}},"exit":1,"message":"HTTP Error: 404, Not Found","status":404}
[debug] [2024-03-13T12:52:21.161Z] >>> [apiv2][query] GET https://us.gcr.io/v2/expertkitauth/gcf/us-central1/tags/list [none]
[debug] [2024-03-13T12:52:21.167Z] <<< [apiv2][status] DELETE https://artifactregistry.googleapis.com/v1beta2/projects/expertkitauth/locations/us-central1/repositories/gcf-artifacts/packages/process_hotmart_purchase 404
[debug] [2024-03-13T12:52:21.168Z] <<< [apiv2][body] DELETE https://artifactregistry.googleapis.com/v1beta2/projects/expertkitauth/locations/us-central1/repositories/gcf-artifacts/packages/process_hotmart_purchase {"error":{"code":404,"message":"Package \"projects/expertkitauth/locations/us-central1/repositories/gcf-artifacts/packages/process_hotmart_purchase\" was not found.","status":"NOT_FOUND"}}
[debug] [2024-03-13T12:52:21.528Z] <<< [apiv2][status] GET https://us.gcr.io/v2/expertkitauth/gcf/us-central1/tags/list 404
[debug] [2024-03-13T12:52:21.528Z] <<< [apiv2][body] GET https://us.gcr.io/v2/expertkitauth/gcf/us-central1/tags/list {"errors":[{"code":"NAME_UNKNOWN","message":"Repository \"us.gcr.io\" not found"}]}
[debug] [2024-03-13T12:52:21.529Z] Failed docker command with error  HTTP Error: 404, Not Found {"name":"FirebaseError","children":[],"context":{"body":{"errors":[{"code":"NAME_UNKNOWN","message":"Repository \"us.gcr.io\" not found"}],"error":{"message":"Not Found"}},"response":{"statusCode":404}},"exit":1,"message":"HTTP Error: 404, Not Found","status":404}
[warn] !  functions: Unhandled error cleaning up build images. This could result in a small monthly bill if not corrected. You can attempt to delete these images by redeploying or you can delete them manually at https://console.cloud.google.com/gcr/images/expertkitauth/us/gcf 
[debug] [2024-03-13T12:52:21.531Z] Functions deploy failed.
[debug] [2024-03-13T12:52:21.531Z] {
  "endpoint": {
    "id": "processHotmartPurchase",
    "project": "expertkitauth",
    "region": "us-central1",
    "entryPoint": "processHotmartPurchase",
    "platform": "gcfv2",
    "runtime": "nodejs18",
    "httpsTrigger": {},
    "labels": {
      "deployment-tool": "cli-firebase"
    },
    "ingressSettings": null,
    "availableMemoryMb": null,
    "serviceAccount": null,
    "timeoutSeconds": null,
    "maxInstances": null,
    "minInstances": null,
    "concurrency": 80,
    "vpc": null,
    "environmentVariables": {
      "FIREBASE_CONFIG": "{\"projectId\":\"expertkitauth\",\"storageBucket\":\"expertkitauth.appspot.com\"}",
      "GCLOUD_PROJECT": "expertkitauth",
      "EVENTARC_CLOUD_EVENT_SOURCE": "projects/expertkitauth/locations/us-central1/services/processHotmartPurchase"
    },
    "codebase": "default",
    "cpu": 1,
    "targetedByOnly": false,
    "hash": "72280a964f4e8c09da829e0720ffe28adebb7a94"
  },
  "op": "create",
  "original": {
    "name": "FirebaseError",
    "children": [],
    "exit": 1,
    "message": "Build failed with status: FAILURE and message: npm ERR! code EUSAGE\nnpm ERR! \nnpm ERR! `npm ci` can only install packages when your package.json and package-lock.json or npm-shrinkwrap.json are in sync. Please update your lock file with `npm install` before continuing.\nnpm ERR! \nnpm ERR! Missing: jest@29.7.0 from lock file\nnpm ERR! Missing: @jest/core@29.7.0 from lock file\nnpm ERR! Missing: @jest/types@29.6.3 from lock file\nnpm ERR! Missing: import-local@3.1.0 from lock file\nnpm ERR! Missing: jest-cli@29.7.0 from lock file\nnpm ERR! Missing: @jest/console@29.7.0 from lock file\nnpm ERR! Missing: @jest/reporters@29.7.0 from lock file\nnpm ERR! Missing: @jest/test-result@29.7.0 from lock file\nnpm ERR! Missing: @jest/transform@29.7.0 from lock file\nnpm ERR! Missing: ansi-escapes@4.3.2 from lock file\nnpm ERR! Missing: ci-info@3.9.0 from lock file\nnpm ERR! Missing: exit@0.1.2 from lock file\nnpm ERR! Missing: jest-changed-files@29.7.0 from lock file\nnpm ERR! Missing: jest-config@29.7.0 from lock file\nnpm ERR! Missing: jest-haste-map@29.7.0 from lock file\nnpm ERR! Missing: jest-message-util@29.7.0 from lock file\nnpm ERR! Missing: jest-regex-util@29.6.3 from lock file\nnpm ERR! Missing: jest-resolve@29.7.0 from lock file\nnpm ERR! Missing: jest-resolve-dependencies@29.7.0 from lock file\nnpm ERR! Missing: jest-runner@29.7.0 from lock file\nnpm ERR! Missing: jest-runtime@29.7.0 from lock file\nnpm ERR! Missing: jest-snapshot@29.7.0 from lock file\nnpm ERR! Missing: jest-util@29.7.0 from lock file\nnpm ERR! Missing: jest-validate@29.7.0 from lock file\nnpm ERR! Missing: jest-watcher@29.7.0 from lock file\nnpm ERR! Missing: micromatch@4.0.5 from lock file\nnpm ERR! Missing: pretty-format@29.7.0 from lock file\nnpm ERR! Missing: slash@3.0.0 from lock file\nnpm ERR! Missing: @bcoe/v8-coverage@0.2.3 from lock file\nnpm ERR! Missing: @jridgewell/trace-mapping@0.3.25 from lock file\nnpm ERR! Missing: collect-v8-coverage@1.0.2 from lock file\nnpm ERR! Missing: glob@7.2.3 from lock file\nnpm ERR! Missing: istanbul-lib-coverage@3.2.2 from lock file\nnpm ERR! Missing: istanbul-lib-instrument@6.0.2 from lock file\nnpm ERR! Missing: istanbul-lib-report@3.0.1 from lock file\nnpm ERR! Missing: istanbul-lib-source-maps@4.0.1 from lock file\nnpm ERR! Missing: istanbul-reports@3.1.7 from lock file\nnpm ERR! Missing: jest-worker@29.7.0 from lock file\nnpm ERR! Missing: string-length@4.0.2 from lock file\nnpm ERR! Missing: v8-to-istanbul@9.2.0 from lock file\nnpm ERR! Missing: @types/istanbul-lib-coverage@2.0.6 from lock file\nnpm ERR! Missing: @babel/core@7.24.0 from lock file\nnpm ERR! Missing: babel-plugin-istanbul@6.1.1 from lock file\nnpm ERR! Missing: convert-source-map@2.0.0 from lock file\nnpm ERR! Missing: pirates@4.0.6 from lock file\nnpm ERR! Missing: write-file-atomic@4.0.2 from lock file\nnpm ERR! Missing: @ampproject/remapping@2.3.0 from lock file\nnpm ERR! Missing: @babel/code-frame@7.23.5 from lock file\nnpm ERR! Missing: @babel/generator@7.23.6 from lock file\nnpm ERR! Missing: @babel/helper-compilation-targets@7.23.6 from lock file\nnpm ERR! Missing: @babel/helper-module-transforms@7.23.3 from lock file\nnpm ERR! Missing: @babel/helpers@7.24.0 from lock file\nnpm ERR! Missing: @babel/template@7.24.0 from lock file\nnpm ERR! Missing: @babel/traverse@7.24.0 from lock file\nnpm ERR! Missing: @babel/types@7.24.0 from lock file\nnpm ERR! Missing: gensync@1.0.0-beta.2 from lock file\nnpm ERR! Missing: json5@2.2.3 from lock file\nnpm ERR! Missing: semver@6.3.1 from lock file\nnpm ERR! Missing: @jridgewell/gen-mapping@0.3.5 from lock file\nnpm ERR! Missing: @babel/highlight@7.23.4 from lock file\nnpm ERR! Missing: chalk@2.4.2 from lock file\nnpm ERR! Missing: jsesc@2.5.2 from lock file\nnpm ERR! Missing: @babel/compat-data@7.23.5 from lock file\nnpm ERR! Missing: @babel/helper-validator-option@7.23.5 from lock file\nnpm ERR! Missing: browserslist@4.23.0 from lock file\nnpm ERR! Missing: lru-cache@5.1.1 from lock file\nnpm ERR! Missing: semver@6.3.1 from lock file\nnpm ERR! Missing: @babel/helper-environment-visitor@7.22.20 from lock file\nnpm ERR! Missing: @babel/helper-module-imports@7.22.15 from lock file\nnpm ERR! Missing: @babel/helper-simple-access@7.22.5 from lock file\nnpm ERR! Missing: @babel/helper-split-export-declaration@7.22.6 from lock file\nnpm ERR! Missing: @babel/helper-validator-identifier@7.22.20 from lock file\nnpm ERR! Missing: chalk@2.4.2 from lock file\nnpm ERR! Missing: js-tokens@4.0.0 from lock file\nnpm ERR! Missing: @babel/helper-function-name@7.23.0 from lock file\nnpm ERR! Missing: @babel/helper-hoist-variables@7.22.5 from lock file\nnpm ERR! Missing: globals@11.12.0 from lock file\nnpm ERR! Missing: @babel/helper-string-parser@7.23.4 from lock file\nnpm ERR! Missing: to-fast-properties@2.0.0 from lock file\nnpm ERR! Missing: @jest/schemas@29.6.3 from lock file\nnpm ERR! Missing: @types/istanbul-reports@3.0.4 from lock file\nnpm ERR! Missing: @types/yargs@17.0.32 from lock file\nnpm ERR! Missing: @sinclair/typebox@0.27.8 from lock file\nnpm ERR! Missing: @jridgewell/set-array@1.2.1 from lock file\nnpm ERR! Missing: @jridgewell/sourcemap-codec@1.4.15 from lock file\nnpm ERR! Missing: @jridgewell/resolve-uri@3.1.2 from lock file\nnpm ERR! Missing: @types/istanbul-lib-report@3.0.3 from lock file\nnpm ERR! Missing: @types/yargs-parser@21.0.3 from lock file\nnpm ERR! Missing: type-fest@0.21.3 from lock file\nnpm ERR! Missing: @babel/helper-plugin-utils@7.24.0 from lock file\nnpm ERR! Missing: @istanbuljs/load-nyc-config@1.1.0 from lock file\nnpm ERR! Missing: @istanbuljs/schema@0.1.3 from lock file\nnpm ERR! Missing: istanbul-lib-instrument@5.2.1 from lock file\nnpm ERR! Missing: test-exclude@6.0.0 from lock file\nnpm ERR! Missing: camelcase@5.3.1 from lock file\nnpm ERR! Missing: find-up@4.1.0 from lock file\nnpm ERR! Missing: get-package-type@0.1.0 from lock file\nnpm ERR! Missing: js-yaml@3.14.1 from lock file\nnpm ERR! Missing: resolve-from@5.0.0 from lock file\nnpm ERR! Missing: caniuse-lite@1.0.30001597 from lock file\nnpm ERR! Missing: electron-to-chromium@1.4.703 from lock file\nnpm ERR! Missing: node-releases@2.0.14 from lock file\nnpm ERR! Missing: update-browserslist-db@1.0.13 from lock file\nnpm ERR! Missing: pkg-dir@4.2.0 from lock file\nnpm ERR! Missing: resolve-cwd@3.0.0 from lock file\nnpm ERR! Missing: make-dir@4.0.0 from lock file\nnpm ERR! Missing: html-escaper@2.0.2 from lock file\nnpm ERR! Missing: execa@5.1.1 from lock file\nnpm ERR! Missing: get-stream@6.0.1 from lock file\nnpm ERR! Missing: human-signals@2.1.0 from lock file\nnpm ERR! Missing: merge-stream@2.0.0 from lock file\nnpm ERR! Missing: npm-run-path@4.0.1 from lock file\nnpm ERR! Missing: onetime@5.1.2 from lock file\nnpm ERR! Missing: signal-exit@3.0.7 from lock file\nnpm ERR! Missing: strip-final-newline@2.0.0 from lock file\nnpm ERR! Missing: create-jest@29.7.0 from lock file\nnpm ERR! Missing: prompts@2.4.2 from lock file\nnpm ERR! Missing: @jest/test-sequencer@29.7.0 from lock file\nnpm ERR! Missing: babel-jest@29.7.0 from lock file\nnpm ERR! Missing: deepmerge@4.3.1 from lock file\nnpm ERR! Missing: glob@7.2.3 from lock file\nnpm ERR! Missing: jest-circus@29.7.0 from lock file\nnpm ERR! Missing: jest-environment-node@29.7.0 from lock file\nnpm ERR! Missing: jest-get-type@29.6.3 from lock file\nnpm ERR! Missing: parse-json@5.2.0 from lock file\nnpm ERR! Missing: @types/babel__core@7.20.5 from lock file\nnpm ERR! Missing: babel-preset-jest@29.6.3 from lock file\nnpm ERR! Missing: @types/babel__generator@7.6.8 from lock file\nnpm ERR! Missing: @types/babel__template@7.4.4 from lock file\nnpm ERR! Missing: @types/babel__traverse@7.20.5 from lock file\nnpm ERR! Missing: babel-plugin-jest-hoist@29.6.3 from lock file\nnpm ERR! Missing: babel-preset-current-node-syntax@1.0.1 from lock file\nnpm ERR! Missing: @babel/plugin-syntax-async-generators@7.8.4 from lock file\nnpm ERR! Missing: @babel/plugin-syntax-bigint@7.8.3 from lock file\nnpm ERR! Missing: @babel/plugin-syntax-class-properties@7.12.13 from lock file\nnpm ERR! Missing: @babel/plugin-syntax-import-meta@7.10.4 from lock file\nnpm ERR! Missing: @babel/plugin-syntax-json-strings@7.8.3 from lock file\nnpm ERR! Missing: @babel/plugin-syntax-logical-assignment-operators@7.10.4 from lock file\nnpm ERR! Missing: @babel/plugin-syntax-nullish-coalescing-operator@7.8.3 from lock file\nnpm ERR! Missing: @babel/plugin-syntax-numeric-separator@7.10.4 from lock file\nnpm ERR! Missing: @babel/plugin-syntax-object-rest-spread@7.8.3 from lock file\nnpm ERR! Missing: @babel/plugin-syntax-optional-catch-binding@7.8.3 from lock file\nnpm ERR! Missing: @babel/plugin-syntax-optional-chaining@7.8.3 from lock file\nnpm ERR! Missing: @babel/plugin-syntax-top-level-await@7.14.5 from lock file\nnpm ERR! Missing: @jest/environment@29.7.0 from lock file\nnpm ERR! Missing: @jest/expect@29.7.0 from lock file\nnpm ERR! Missing: co@4.6.0 from lock file\nnpm ERR! Missing: dedent@1.5.1 from lock file\nnpm ERR! Missing: is-generator-fn@2.1.0 from lock file\nnpm ERR! Missing: jest-each@29.7.0 from lock file\nnpm ERR! Missing: jest-matcher-utils@29.7.0 from lock file\nnpm ERR! Missing: pure-rand@6.0.4 from lock file\nnpm ERR! Missing: stack-utils@2.0.6 from lock file\nnpm ERR! Missing: @jest/fake-timers@29.7.0 from lock file\nnpm ERR! Missing: jest-mock@29.7.0 from lock file\nnpm ERR! Missing: expect@29.7.0 from lock file\nnpm ERR! Missing: @sinonjs/fake-timers@10.3.0 from lock file\nnpm ERR! Missing: @sinonjs/commons@3.0.1 from lock file\nnpm ERR! Missing: type-detect@4.0.8 from lock file\nnpm ERR! Missing: @jest/expect-utils@29.7.0 from lock file\nnpm ERR! Missing: @types/graceful-fs@4.1.9 from lock file\nnpm ERR! Missing: anymatch@3.1.3 from lock file\nnpm ERR! Missing: fb-watchman@2.0.2 from lock file\nnpm ERR! Missing: fsevents@2.3.3 from lock file\nnpm ERR! Missing: walker@1.0.8 from lock file\nnpm ERR! Missing: normalize-path@3.0.0 from lock file\nnpm ERR! Missing: picomatch@2.3.1 from lock file\nnpm ERR! Missing: bser@2.1.1 from lock file\nnpm ERR! Missing: node-int64@0.4.0 from lock file\nnpm ERR! Missing: jest-diff@29.7.0 from lock file\nnpm ERR! Missing: diff-sequences@29.6.3 from lock file\nnpm ERR! Missing: @types/stack-utils@2.0.3 from lock file\nnpm ERR! Missing: jest-pnp-resolver@1.2.3 from lock file\nnpm ERR! Missing: resolve@1.22.8 from lock file\nnpm ERR! Missing: resolve.exports@2.0.2 from lock file\nnpm ERR! Missing: emittery@0.13.1 from lock file\nnpm ERR! Missing: jest-docblock@29.7.0 from lock file\nnpm ERR! Missing: jest-leak-detector@29.7.0 from lock file\nnpm ERR! Missing: source-map-support@0.5.13 from lock file\nnpm ERR! Missing: detect-newline@3.1.0 from lock file\nnpm ERR! Missing: @jest/globals@29.7.0 from lock file\nnpm ERR! Missing: @jest/source-map@29.6.3 from lock file\nnpm ERR! Missing: cjs-module-lexer@1.2.3 from lock file\nnpm ERR! Missing: glob@7.2.3 from lock file\nnpm ERR! Missing: strip-bom@4.0.0 from lock file\nnpm ERR! Missing: @babel/plugin-syntax-jsx@7.23.3 from lock file\nnpm ERR! Missing: @babel/plugin-syntax-typescript@7.23.3 from lock file\nnpm ERR! Missing: camelcase@6.3.0 from lock file\nnpm ERR! Missing: leven@3.1.0 from lock file\nnpm ERR! Missing: supports-color@8.1.1 from lock file\nnpm ERR! Missing: braces@3.0.2 from lock file\nnpm ERR! Missing: fill-range@7.0.1 from lock file\nnpm ERR! Missing: to-regex-range@5.0.1 from lock file\nnpm ERR! Missing: mimic-fn@2.1.0 from lock file\nnpm ERR! Missing: error-ex@1.3.2 from lock file\nnpm ERR! Missing: json-parse-even-better-errors@2.3.1 from lock file\nnpm ERR! Missing: lines-and-columns@1.2.4 from lock file\nnpm ERR! Missing: is-arrayish@0.2.1 from lock file\nnpm ERR! Missing: find-up@4.1.0 from lock file\nnpm ERR! Missing: ansi-styles@5.2.0 from lock file\nnpm ERR! Missing: react-is@18.2.0 from lock file\nnpm ERR! Missing: kleur@3.0.3 from lock file\nnpm ERR! Missing: sisteransi@1.0.5 from lock file\nnpm ERR! Missing: is-core-module@2.13.1 from lock file\nnpm ERR! Missing: path-parse@1.0.7 from lock file\nnpm ERR! Missing: supports-preserve-symlinks-flag@1.0.0 from lock file\nnpm ERR! Missing: resolve-from@5.0.0 from lock file\nnpm ERR! Missing: buffer-from@1.1.2 from lock file\nnpm ERR! Missing: escape-string-regexp@2.0.0 from lock file\nnpm ERR! Missing: char-regex@1.0.2 from lock file\nnpm ERR! Missing: glob@7.2.3 from lock file\nnpm ERR! Missing: is-number@7.0.0 from lock file\nnpm ERR! Missing: picocolors@1.0.0 from lock file\nnpm ERR! Missing: makeerror@1.0.12 from lock file\nnpm ERR! Missing: tmpl@1.0.5 from lock file\nnpm ERR! Missing: ansi-styles@3.2.1 from lock file\nnpm ERR! Missing: escape-string-regexp@1.0.5 from lock file\nnpm ERR! Missing: supports-color@5.5.0 from lock file\nnpm ERR! Missing: color-convert@1.9.3 from lock file\nnpm ERR! Missing: color-name@1.1.3 from lock file\nnpm ERR! Missing: has-flag@3.0.0 from lock file\nnpm ERR! Missing: yallist@3.1.1 from lock file\nnpm ERR! Missing: ansi-styles@3.2.1 from lock file\nnpm ERR! Missing: escape-string-regexp@1.0.5 from lock file\nnpm ERR! Missing: supports-color@5.5.0 from lock file\nnpm ERR! Missing: color-convert@1.9.3 from lock file\nnpm ERR! Missing: color-name@1.1.3 from lock file\nnpm ERR! Missing: has-flag@3.0.0 from lock file\nnpm ERR! Missing: locate-path@5.0.0 from lock file\nnpm ERR! Missing: argparse@1.0.10 from lock file\nnpm ERR! Missing: sprintf-js@1.0.3 from lock file\nnpm ERR! Missing: p-locate@4.1.0 from lock file\nnpm ERR! Missing: p-limit@2.3.0 from lock file\nnpm ERR! Missing: p-try@2.2.0 from lock file\nnpm ERR! Missing: semver@6.3.1 from lock file\nnpm ERR! Missing: locate-path@5.0.0 from lock file\nnpm ERR! Missing: p-locate@4.1.0 from lock file\nnpm ERR! Missing: p-limit@2.3.0 from lock file\nnpm ERR! \nnpm ERR! Clean install a project\nnpm ERR! \nnpm ERR! Usage:\nnpm ERR! npm ci\nnpm ERR! \nnpm ERR! Options:\nnpm ERR! [--install-strategy <hoisted|nested|shallow|linked>] [--legacy-bundling]\nnpm ERR! [--global-style] [--omit <dev|optional|peer> [--omit <dev|optional|peer> ...]]\nnpm ERR! [--include <prod|dev|optional|peer> [--include <prod|dev|optional|peer> ...]]\nnpm ERR! [--strict-peer-deps] [--foreground-scripts] [--ignore-scripts] [--no-audit]\nnpm ERR! [--no-bin-links] [--no-fund] [--dry-run]\nnpm ERR! [-w|--workspace <workspace-name> [-w|--workspace <workspace-name> ...]]\nnpm ERR! [-ws|--workspaces] [--include-workspace-root] [--install-links]\nnpm ERR! \nnpm ERR! aliases: clean-install, ic, install-clean, isntall-clean\nnpm ERR! \nnpm ERR! Run \"npm help ci\" for more info\n\nnpm ERR! A complete log of this run can be found in: /www-data-home/.npm/_logs/2024-03-13T12_51_45_770Z-debug-0.log. For more details see the logs at https://console.cloud.google.com/cloud-build/builds;region=us-central1/8a3c9003-9dc8-4c73-aec7-658cdc70c3e2?project=627496731356.",
    "status": 3,
    "code": 3
  }
}
[debug] [2024-03-13T12:52:21.657Z] Error: Failed to create function processHotmartPurchase in region us-central1
    at C:\Users\nitro\Documents\Workshop\Coding\Nextjs\expertskit\node_modules\firebase-tools\lib\deploy\functions\release\fabricator.js:291:27
    at process.processTicksAndRejections (node:internal/process/task_queues:95:5)
    at async Fabricator.createV2Function (C:\Users\nitro\Documents\Workshop\Coding\Nextjs\expertskit\node_modules\firebase-tools\lib\deploy\functions\release\fabricator.js:277:30)
    at async Fabricator.createEndpoint (C:\Users\nitro\Documents\Workshop\Coding\Nextjs\expertskit\node_modules\firebase-tools\lib\deploy\functions\release\fabricator.js:136:13)
    at async handle (C:\Users\nitro\Documents\Workshop\Coding\Nextjs\expertskit\node_modules\firebase-tools\lib\deploy\functions\release\fabricator.js:88:17)
[error] 
[error] Error: There was an error deploying functions
